2025-11-19 00:12:23,948 - INFO - Logging initialized. Log file: C:\Mini_Project\output\20251119\logs\run_20251119_001223.log
2025-11-19 00:12:24,187 - INFO - Unified grid: 9 relative strikes, 7 time points
2025-11-19 00:12:31,961 - INFO - Loaded 2514 dates of implied volatilities data (date range: 2015-10-31 to 2025-10-31). Shape: (2514, 9, 7)
2025-11-19 00:12:31,964 - INFO - Applying PCA to log-implied volatilities series
2025-11-19 00:12:31,967 - INFO - Removing 6072 NaN values using Nadaraya-Watson smoothing
2025-11-19 00:12:32,946 - INFO - Nadaraya-Watson smoothing complete. Removed 6072 NaN values. Remaining NaN count: 0
2025-11-19 00:12:32,948 - INFO - Flattened Log-implied volatility series, shape is now: (2514, 63)
2025-11-19 00:12:32,951 - INFO - PCA explained variance: [0.80646158 0.06293389 0.05666655 0.01777199 0.01176426]
2025-11-19 00:12:32,952 - INFO - Cumulative explained variance: [0.80646158 0.86939548 0.92606202 0.94383401 0.95559827]
2025-11-19 00:12:35,028 - INFO - PCA model saved to C:\Mini_Project\output\20251119\data\pca_reducer.pkl
2025-11-19 00:12:35,029 - INFO - Preparing training data with sequence length 100...
2025-11-19 00:12:35,035 - INFO - Normalizing training and validation data...
2025-11-19 00:12:35,082 - INFO - Normalization complete. Training data mean: -0.0000, std: 1.0000
2025-11-19 00:12:35,083 - INFO - Target data mean: -0.0000, std: 1.0000
2025-11-19 00:12:35,086 - INFO - Saved scalers to C:\Mini_Project\output\20251119\data
2025-11-19 00:12:35,128 - INFO - Created training dataset with 1931 sequences
2025-11-19 00:12:35,128 - INFO - Created validation dataset with 483 sequences
2025-11-19 00:12:35,129 - INFO - Training LSTM-GAN model with 100 epochs
2025-11-19 00:21:14,255 - WARNING - Empty loss arrays for LSTM-GAN
2025-11-19 00:21:14,255 - INFO - Generating synthetic data and evaluating models
2025-11-19 00:21:14,256 - INFO - Loaded scalers for denormalization
2025-11-19 00:21:14,256 - INFO - Generating and evaluating LSTM-GAN...
2025-11-19 00:21:21,962 - INFO - Denormalizing generated sequence before inverse PCA transform
2025-11-19 00:21:25,384 - INFO - 
Model Comparison:
2025-11-19 00:21:25,388 - INFO - 
                          LSTM-GAN
MSE                       0.125981
MAE                       0.125981
Wasserstein               0.232266
KL Divergence             3.106840
JS Divergence             0.173779
ACF MSE                   0.171125
Cross-Correlation MSE     0.044373
Volatility ACF MSE        0.019580
