{
    "0.8_30": {
        "mu": 0.008373623091193499,
        "sigma": 0.049650043853597586,
        "lambda": 0.40077419172307616,
        "mu_jump": -0.02102695096665123,
        "sigma_jump": 0.19852738099992856,
        "success": true,
        "negloglike": -2058.2392275355246
    },
    "0.8_60": {
        "mu": 0.0032238894310552607,
        "sigma": 0.04718604185774236,
        "lambda": 0.4319922954518716,
        "mu_jump": -0.007583889134292177,
        "sigma_jump": 0.1363654457236071,
        "success": true,
        "negloglike": -2528.318766720793
    },
    "0.8_90": {
        "mu": 0.0019663989800906274,
        "sigma": 0.04355286508652042,
        "lambda": 0.5760529357369327,
        "mu_jump": -0.003507606032447721,
        "sigma_jump": 0.10061994054879951,
        "success": true,
        "negloglike": -2746.056760699416
    },
    "0.8_120": {
        "mu": -0.0005025868772998873,
        "sigma": 0.050296010987482834,
        "lambda": 0.5032455315889991,
        "mu_jump": -0.00012480914002114315,
        "sigma_jump": 0.13301941158001587,
        "success": true,
        "negloglike": -2301.1598511190227
    },
    "0.8_150": {
        "mu": -0.0001251384900811468,
        "sigma": 0.057129065216743435,
        "lambda": 0.4326140716577625,
        "mu_jump": -0.00039557738510243766,
        "sigma_jump": 0.17574824537711947,
        "success": true,
        "negloglike": -1870.8808153291018
    },
    "0.8_180": {
        "mu": -0.00047444312102305053,
        "sigma": 0.05023779194679904,
        "lambda": 0.6066214324312782,
        "mu_jump": 0.00040015617495255573,
        "sigma_jump": 0.15564806046675286,
        "success": true,
        "negloglike": -1740.3969210649448
    },
    "0.8_360": {
        "mu": 2.7243342056096294e-05,
        "sigma": 0.07549953943515265,
        "lambda": 0.42815032250676793,
        "mu_jump": -0.0007842205706072316,
        "sigma_jump": 0.17470769580348278,
        "success": true,
        "negloglike": -1465.4161227837385
    },
    "0.85_30": {
        "mu": 0.005609816634571125,
        "sigma": 0.0452139994450039,
        "lambda": 0.492532461308843,
        "mu_jump": -0.011471020936688269,
        "sigma_jump": 0.13941004466313084,
        "success": true,
        "negloglike": -2398.3426772765324
    },
    "0.85_60": {
        "mu": 0.0027457566922645354,
        "sigma": 0.04446226001456993,
        "lambda": 0.537422794219531,
        "mu_jump": -0.005184165031052384,
        "sigma_jump": 0.10144797526251724,
        "success": true,
        "negloglike": -2780.499314160059
    },
    "0.85_90": {
        "mu": 0.0014428056451999771,
        "sigma": 0.04253066209695937,
        "lambda": 0.6606355866447607,
        "mu_jump": -0.002247124194312366,
        "sigma_jump": 0.07798647889436462,
        "success": true,
        "negloglike": -3012.8025031713214
    },
    "0.85_120": {
        "mu": -0.0010538417476195921,
        "sigma": 0.05546397104606275,
        "lambda": 0.3269572085431954,
        "mu_jump": 0.0012384000862816174,
        "sigma_jump": 0.1351374988893869,
        "success": true,
        "negloglike": -2560.331880205686
    },
    "0.85_150": {
        "mu": -0.0005192878077133919,
        "sigma": 0.061174079253427674,
        "lambda": 0.26958854842050956,
        "mu_jump": 0.0007081153547706903,
        "sigma_jump": 0.2064061820000946,
        "success": true,
        "negloglike": -2071.114913132382
    },
    "0.85_180": {
        "mu": -0.0004853128145219227,
        "sigma": 0.05193134334664752,
        "lambda": 0.5513383173222816,
        "mu_jump": 0.000980194046730733,
        "sigma_jump": 0.15469018283993466,
        "success": true,
        "negloglike": -1828.7027246661098
    },
    "0.85_360": {
        "mu": 0.0007847270868213149,
        "sigma": 0.07991335185539146,
        "lambda": 0.36074589488539344,
        "mu_jump": -0.002185014799330674,
        "sigma_jump": 0.188539232083253,
        "success": true,
        "negloglike": -1449.9823465389163
    },
    "0.9_30": {
        "mu": 0.006274524892396435,
        "sigma": 0.041865643998714494,
        "lambda": 0.606872548581839,
        "mu_jump": -0.010379435213839532,
        "sigma_jump": 0.08994010820259653,
        "success": true,
        "negloglike": -2893.333348073319
    },
    "0.9_60": {
        "mu": 0.0012681462049566586,
        "sigma": 0.048814026082430115,
        "lambda": 0.3728004307824686,
        "mu_jump": -0.003469832604304774,
        "sigma_jump": 0.09337691006462832,
        "success": true,
        "negloglike": -3073.046278382052
    },
    "0.9_90": {
        "mu": -0.0007452886836903542,
        "sigma": 0.049355327345799435,
        "lambda": 0.30256729595797216,
        "mu_jump": 0.0023744398595321103,
        "sigma_jump": 0.09650797942765396,
        "success": true,
        "negloglike": -3163.6660526676715
    },
    "0.9_120": {
        "mu": -0.002477944253448364,
        "sigma": 0.05467726057277127,
        "lambda": 0.2332261383004516,
        "mu_jump": 0.00916028493689658,
        "sigma_jump": 0.15308765760355886,
        "success": true,
        "negloglike": -2720.7099704723605
    },
    "0.9_150": {
        "mu": -0.0010626476468091936,
        "sigma": 0.06349182960960374,
        "lambda": 0.1712827150200079,
        "mu_jump": 0.004624570629641124,
        "sigma_jump": 0.25486354038277403,
        "success": true,
        "negloglike": -2216.973323787147
    },
    "0.9_180": {
        "mu": -0.0009512409613183903,
        "sigma": 0.05993023900402691,
        "lambda": 0.38967173481133277,
        "mu_jump": 0.0027949261831414778,
        "sigma_jump": 0.1790448178382422,
        "success": true,
        "negloglike": -1852.8347546398709
    },
    "0.9_360": {
        "mu": 0.0009522708370613821,
        "sigma": 0.07627302184242747,
        "lambda": 0.39172164863974807,
        "mu_jump": -0.002667421082777309,
        "sigma_jump": 0.18622526090236993,
        "success": true,
        "negloglike": -1455.7415027611487
    },
    "0.95_30": {
        "mu": 0.0008222254370426249,
        "sigma": 0.04287584264920658,
        "lambda": 0.4862811324104992,
        "mu_jump": -0.0017087528859710476,
        "sigma_jump": 0.08970906118689734,
        "success": true,
        "negloglike": -3082.5180595397237
    },
    "0.95_60": {
        "mu": 0.0005502867080042425,
        "sigma": 0.048039480169485047,
        "lambda": 0.30707152465091914,
        "mu_jump": -0.001823599645124091,
        "sigma_jump": 0.0963612972391788,
        "success": true,
        "negloglike": -3197.112895189386
    },
    "0.95_90": {
        "mu": -0.0013605151646374465,
        "sigma": 0.049686527067960506,
        "lambda": 0.30060326476203963,
        "mu_jump": 0.004487433420922503,
        "sigma_jump": 0.1059976685266433,
        "success": true,
        "negloglike": -3065.608272763244
    },
    "0.95_120": {
        "mu": -0.0017180747439597755,
        "sigma": 0.05605481882198033,
        "lambda": 0.15252277078114415,
        "mu_jump": 0.011312959032899203,
        "sigma_jump": 0.19659613411458834,
        "success": true,
        "negloglike": -2784.938561938102
    },
    "0.95_150": {
        "mu": -0.0017394593366040938,
        "sigma": 0.0632324794738416,
        "lambda": 0.17113473140585905,
        "mu_jump": 0.008606063835371046,
        "sigma_jump": 0.2777484783713413,
        "success": true,
        "negloglike": -2164.980606912136
    },
    "0.95_180": {
        "mu": -0.002171520316028787,
        "sigma": 0.05797049776639856,
        "lambda": 0.38065279053801304,
        "mu_jump": 0.006258245596902331,
        "sigma_jump": 0.19268867985571173,
        "success": true,
        "negloglike": -1829.505781228746
    },
    "0.95_360": {
        "mu": 0.0006126359756196053,
        "sigma": 0.07646100253077136,
        "lambda": 0.41205431308528223,
        "mu_jump": -0.0016110995915654654,
        "sigma_jump": 0.1892995846101713,
        "success": true,
        "negloglike": -1393.0225505683645
    },
    "1.0_30": {
        "mu": 0.0023626390646896886,
        "sigma": 0.05175230512550714,
        "lambda": 0.3022417995422189,
        "mu_jump": -0.008200537297867325,
        "sigma_jump": 0.2496655804648559,
        "success": true,
        "negloglike": -1944.5320744261833
    },
    "1.0_60": {
        "mu": 0.0013770175941242456,
        "sigma": 0.048855546397250905,
        "lambda": 0.35006017756120583,
        "mu_jump": -0.0038492748673522176,
        "sigma_jump": 0.158917016357341,
        "success": true,
        "negloglike": -2453.6836601988616
    },
    "1.0_90": {
        "mu": 0.00178274796284999,
        "sigma": 0.06122830841200794,
        "lambda": 0.20230267050570055,
        "mu_jump": -0.010446620313359065,
        "sigma_jump": 0.2795556858036263,
        "success": true,
        "negloglike": -2092.9278372426697
    },
    "1.0_120": {
        "mu": -0.0011129041416852042,
        "sigma": 0.06424300180949803,
        "lambda": 0.20777564816913088,
        "mu_jump": 0.005952378009527487,
        "sigma_jump": 0.3299473295584342,
        "success": true,
        "negloglike": -1854.93757208931
    },
    "1.0_150": {
        "mu": 7.649653178704953e-05,
        "sigma": 0.06831169955422065,
        "lambda": 0.2747257146715947,
        "mu_jump": 0.0033788565486121886,
        "sigma_jump": 0.3840008148711676,
        "success": true,
        "negloglike": -1248.6433247617817
    },
    "1.0_180": {
        "mu": -0.00015737917189369687,
        "sigma": 0.06710256962189196,
        "lambda": 0.3617067415509685,
        "mu_jump": -0.0019330094845155096,
        "sigma_jump": 0.3557536426844024,
        "success": true,
        "negloglike": -959.439559711607
    },
    "1.0_360": {
        "mu": -0.0006992222850462334,
        "sigma": 0.10716747863587195,
        "lambda": 0.15781604011942735,
        "mu_jump": -0.016498701176484592,
        "sigma_jump": 0.5318520176815502,
        "success": true,
        "negloglike": -776.6207759209356
    },
    "1.05_30": {
        "mu": 0.002771587971343302,
        "sigma": 0.05406565913561173,
        "lambda": 0.253605857288911,
        "mu_jump": -0.024280539723216088,
        "sigma_jump": 0.6955138257289634,
        "success": true,
        "negloglike": -1281.5815990692179
    },
    "1.05_60": {
        "mu": 0.0006133167133646202,
        "sigma": 0.05431377762382037,
        "lambda": 0.22615525098879377,
        "mu_jump": -0.004219368045748096,
        "sigma_jump": 0.26985933157158065,
        "success": true,
        "negloglike": -2212.717692468195
    },
    "1.05_90": {
        "mu": -0.0003724001568215646,
        "sigma": 0.05199028530380655,
        "lambda": 0.31930716096373035,
        "mu_jump": -0.00019065752718537608,
        "sigma_jump": 0.2067651571439449,
        "success": true,
        "negloglike": -2115.8907593053355
    },
    "1.05_120": {
        "mu": -0.0002979450083611276,
        "sigma": 0.05201541774595168,
        "lambda": 0.4108056415160683,
        "mu_jump": -0.001389396065109939,
        "sigma_jump": 0.16202876581251915,
        "success": true,
        "negloglike": -2131.169326512713
    },
    "1.05_150": {
        "mu": 0.0003878883238605081,
        "sigma": 0.062177309984270915,
        "lambda": 0.3771542454630351,
        "mu_jump": -0.0018769763347498299,
        "sigma_jump": 0.18738260928753647,
        "success": true,
        "negloglike": -1719.8112513978915
    },
    "1.05_180": {
        "mu": -0.0016635040173849068,
        "sigma": 0.06256962848894732,
        "lambda": 0.4334350644673531,
        "mu_jump": 0.005398341884692106,
        "sigma_jump": 0.2039549278808483,
        "success": true,
        "negloglike": -1405.1190937969272
    },
    "1.05_360": {
        "mu": 0.0013188497930997976,
        "sigma": 0.09438356829254309,
        "lambda": 0.2508892939209798,
        "mu_jump": -0.005990700578835603,
        "sigma_jump": 0.23422085562851383,
        "success": true,
        "negloglike": -1150.9715723409995
    },
    "1.1_30": {
        "mu": 0.0027620054574352946,
        "sigma": 0.05449365083481992,
        "lambda": 0.26914333940788493,
        "mu_jump": -0.01593292324774445,
        "sigma_jump": 0.6572080112780284,
        "success": true,
        "negloglike": -1235.3672941519592
    },
    "1.1_60": {
        "mu": 0.0005993577491361162,
        "sigma": 0.05772882776951383,
        "lambda": 0.17530690442130167,
        "mu_jump": 0.005839495115540288,
        "sigma_jump": 0.4508269858941869,
        "success": true,
        "negloglike": -2055.0970541239944
    },
    "1.1_90": {
        "mu": 5.0963039380845244e-05,
        "sigma": 0.057824750448821155,
        "lambda": 0.20002312460321672,
        "mu_jump": -0.0051659322619323576,
        "sigma_jump": 0.4263119590444003,
        "success": true,
        "negloglike": -1892.9826726257886
    },
    "1.1_120": {
        "mu": -0.000718566389974583,
        "sigma": 0.056135353231979365,
        "lambda": 0.26204406171296996,
        "mu_jump": 0.005453371039142129,
        "sigma_jump": 0.2440571457403476,
        "success": true,
        "negloglike": -2065.7609261750663
    },
    "1.1_150": {
        "mu": -0.0003685220683732877,
        "sigma": 0.05907567454069377,
        "lambda": 0.3624762221123884,
        "mu_jump": 0.00046820864454346186,
        "sigma_jump": 0.19652351606302493,
        "success": true,
        "negloglike": -1763.4290872224356
    },
    "1.1_180": {
        "mu": -0.002985004040848495,
        "sigma": 0.05690870546440925,
        "lambda": 0.514256388449809,
        "mu_jump": 0.0076525385349941735,
        "sigma_jump": 0.18228248647208956,
        "success": true,
        "negloglike": -1455.056855932858
    },
    "1.1_360": {
        "mu": 0.0011190212707244676,
        "sigma": 0.09613685821391565,
        "lambda": 0.24993759248451988,
        "mu_jump": -0.00965543645129436,
        "sigma_jump": 0.22730061878550192,
        "success": true,
        "negloglike": -1151.4665173718959
    },
    "1.15_30": {
        "mu": 0.0036180768462642293,
        "sigma": 0.05928071240614175,
        "lambda": 0.21909491884796822,
        "mu_jump": -0.023536157278544644,
        "sigma_jump": 0.6879525286844597,
        "success": true,
        "negloglike": -1396.052704648069
    },
    "1.15_60": {
        "mu": 0.00010918004925202124,
        "sigma": 0.05876625439929747,
        "lambda": 0.1893040594254342,
        "mu_jump": 0.00794597779476755,
        "sigma_jump": 0.4044068358378368,
        "success": true,
        "negloglike": -2018.2384997965487
    },
    "1.15_90": {
        "mu": 0.0012684669423090875,
        "sigma": 0.05777599508717226,
        "lambda": 0.1916827469418864,
        "mu_jump": -0.016643394194664558,
        "sigma_jump": 0.42405299105842104,
        "success": true,
        "negloglike": -1957.8177644712673
    },
    "1.15_120": {
        "mu": -0.000652989431672794,
        "sigma": 0.05954687269056237,
        "lambda": 0.2256590815252168,
        "mu_jump": 0.010254929837000598,
        "sigma_jump": 0.2997086964881868,
        "success": true,
        "negloglike": -1977.667025714607
    },
    "1.15_150": {
        "mu": -0.0003715558112596578,
        "sigma": 0.05779003468561994,
        "lambda": 0.34715926675242414,
        "mu_jump": 0.005179713272847777,
        "sigma_jump": 0.20717000342201758,
        "success": true,
        "negloglike": -1781.61683485845
    },
    "1.15_180": {
        "mu": -0.003966023148554103,
        "sigma": 0.05478644903890876,
        "lambda": 0.5187730257588666,
        "mu_jump": 0.008898709099713601,
        "sigma_jump": 0.1824495569154221,
        "success": true,
        "negloglike": -1476.3185097953435
    },
    "1.15_360": {
        "mu": 0.0016990531348349113,
        "sigma": 0.09066820480868094,
        "lambda": 0.33304147921762095,
        "mu_jump": -0.008755998869951386,
        "sigma_jump": 0.2008071636492144,
        "success": true,
        "negloglike": -1158.0481524658296
    },
    "1.2_30": {
        "mu": 0.002736640717079753,
        "sigma": 0.06445459567012589,
        "lambda": 0.19612358683020337,
        "mu_jump": -0.0006261250302020058,
        "sigma_jump": 0.7194237047548501,
        "success": true,
        "negloglike": -1384.4229928760737
    },
    "1.2_60": {
        "mu": 0.00034490123708465117,
        "sigma": 0.06175165391879696,
        "lambda": 0.1745275066412089,
        "mu_jump": -0.00250993029014253,
        "sigma_jump": 0.380622416699351,
        "success": true,
        "negloglike": -2064.2300119753972
    },
    "1.2_90": {
        "mu": 0.0022450664171176104,
        "sigma": 0.05926289388560202,
        "lambda": 0.20525705339990108,
        "mu_jump": -0.014705733562956565,
        "sigma_jump": 0.3944354233694021,
        "success": true,
        "negloglike": -1892.1880901869422
    },
    "1.2_120": {
        "mu": -0.0006881566038106951,
        "sigma": 0.06012374347929218,
        "lambda": 0.23751466009698544,
        "mu_jump": 0.0144615232315341,
        "sigma_jump": 0.29946345942794617,
        "success": true,
        "negloglike": -1914.979652919009
    },
    "1.2_150": {
        "mu": -0.00034100937305076517,
        "sigma": 0.059013038809983015,
        "lambda": 0.331690774561393,
        "mu_jump": 0.0028513766411554205,
        "sigma_jump": 0.23613290364487524,
        "success": true,
        "negloglike": -1676.242399083807
    },
    "1.2_180": {
        "mu": -0.003836532136473373,
        "sigma": 0.0558600454238836,
        "lambda": 0.5139343018637256,
        "mu_jump": 0.012924300770757888,
        "sigma_jump": 0.19076834717587612,
        "success": true,
        "negloglike": -1416.243216576637
    },
    "1.2_360": {
        "mu": 0.0015219560361660123,
        "sigma": 0.07321905278065008,
        "lambda": 0.624064209331623,
        "mu_jump": -0.0031040601705420784,
        "sigma_jump": 0.16201195068449892,
        "success": true,
        "negloglike": -1146.6264385425789
    }
}