2025-11-18 23:03:16,235 - INFO - Logging initialized. Log file: C:\Mini_Project\output\20251118\logs\run_20251118_230316.log
2025-11-18 23:03:16,485 - INFO - Unified grid: 9 relative strikes, 7 time points
2025-11-18 23:03:24,479 - INFO - Loaded 2514 dates of implied volatilities data (date range: 2015-10-31 to 2025-10-31). Shape: (2514, 9, 7)
2025-11-18 23:03:24,479 - INFO - Applying PCA to log-implied volatilities series
2025-11-18 23:03:24,495 - INFO - Removing 6072 NaN values using Nadaraya-Watson smoothing
2025-11-18 23:03:25,514 - INFO - Nadaraya-Watson smoothing complete. Removed 6072 NaN values. Remaining NaN count: 0
2025-11-18 23:03:25,514 - INFO - Flattened Log-implied volatility series, shape is now: (2514, 63)
2025-11-18 23:03:25,514 - INFO - PCA explained variance: [0.80646158 0.06293389 0.05666655 0.01777199 0.01176426]
2025-11-18 23:03:25,514 - INFO - Cumulative explained variance: [0.80646158 0.86939548 0.92606202 0.94383401 0.95559827]
2025-11-18 23:03:27,066 - INFO - PCA model saved to C:\Mini_Project\output\20251118\data\pca_reducer.pkl
2025-11-18 23:03:27,066 - INFO - Preparing training data with sequence length 100...
2025-11-18 23:03:27,066 - INFO - Normalizing training and validation data...
2025-11-18 23:03:27,097 - INFO - Normalization complete. Training data mean: -0.0000, std: 1.0000
2025-11-18 23:03:27,097 - INFO - Target data mean: -0.0000, std: 1.0000
2025-11-18 23:03:27,099 - INFO - Saved scalers to C:\Mini_Project\output\20251118\data
2025-11-18 23:03:27,142 - INFO - Created training dataset with 1931 sequences
2025-11-18 23:03:27,143 - INFO - Created validation dataset with 483 sequences
2025-11-18 23:03:27,143 - INFO - Training LSTM-GAN model with 100 epochs
2025-11-18 23:13:08,138 - INFO - Generating synthetic data and evaluating models
2025-11-18 23:13:08,189 - INFO - Loaded scalers for denormalization
2025-11-18 23:13:08,189 - INFO - Generating and evaluating LSTM-GAN...
2025-11-18 23:13:16,205 - INFO - Denormalizing generated sequence before inverse PCA transform
2025-11-18 23:13:23,316 - INFO - 
Model Comparison:
2025-11-18 23:13:23,316 - INFO - 
                          LSTM-GAN
MSE                       0.204056
MAE                       0.204056
Wasserstein               0.368815
KL Divergence             5.285287
JS Divergence             0.329140
ACF MSE                   0.205266
Cross-Correlation MSE     0.020827
Volatility ACF MSE        0.017146
