2025-11-19 01:52:27,887 - INFO - Logging initialized. Log file: C:\Mini_Project\output\20251119\logs\run_20251119_015227.log
2025-11-19 01:52:28,108 - INFO - Unified grid: 9 relative strikes, 7 time points
2025-11-19 01:52:35,190 - INFO - Loaded 2514 dates of implied volatilities data (date range: 2015-10-31 to 2025-10-31). Shape: (2514, 9, 7)
2025-11-19 01:52:35,193 - INFO - Applying PCA to log-implied volatilities series
2025-11-19 01:52:35,196 - INFO - Removing 6072 NaN values using Nadaraya-Watson smoothing
2025-11-19 01:52:36,313 - INFO - Nadaraya-Watson smoothing complete. Removed 6072 NaN values. Remaining NaN count: 0
2025-11-19 01:52:36,315 - INFO - Flattened Log-implied volatility series, shape is now: (2514, 63)
2025-11-19 01:52:36,319 - INFO - PCA explained variance: [0.80646158 0.06293389 0.05666655 0.01777199 0.01176426]
2025-11-19 01:52:36,319 - INFO - Cumulative explained variance: [0.80646158 0.86939548 0.92606202 0.94383401 0.95559827]
2025-11-19 01:52:37,758 - INFO - PCA model saved to C:\Mini_Project\output\20251119\data\pca_reducer.pkl
2025-11-19 01:52:37,759 - INFO - Preparing training data with sequence length 100...
2025-11-19 01:52:37,762 - INFO - Normalizing training and validation data...
2025-11-19 01:52:37,794 - INFO - Normalization complete. Training data mean: -0.0000, std: 1.0000
2025-11-19 01:52:37,795 - INFO - Target data mean: -0.0000, std: 1.0000
2025-11-19 01:52:37,796 - INFO - Saved scalers to C:\Mini_Project\output\20251119\data
2025-11-19 01:52:37,835 - INFO - Created training dataset with 2051 sequences
2025-11-19 01:52:37,835 - INFO - Created validation dataset with 363 sequences
2025-11-19 01:52:37,835 - INFO - Training LSTM-GAN model with 30 epochs
2025-11-19 01:55:07,978 - WARNING - You are saving your model as an HDF5 file via `model.save()` or `keras.saving.save_model(model)`. This file format is considered legacy. We recommend using instead the native Keras format, e.g. `model.save('my_model.keras')` or `keras.saving.save_model(model, 'my_model.keras')`. 
2025-11-19 01:55:07,991 - WARNING - You are saving your model as an HDF5 file via `model.save()` or `keras.saving.save_model(model)`. This file format is considered legacy. We recommend using instead the native Keras format, e.g. `model.save('my_model.keras')` or `keras.saving.save_model(model, 'my_model.keras')`. 
2025-11-19 01:55:08,005 - INFO - LSTM-GAN model saved to C:\Mini_Project\output\20251119\data\lstm_gan_model
2025-11-19 01:55:08,429 - INFO - Saved GAN loss plot to C:\Mini_Project\output\20251119\data\plots\lstm_gan_losses.png
2025-11-19 01:55:08,673 - INFO - Saved combined GAN loss plot to C:\Mini_Project\output\20251119\data\plots\lstm_gan_losses_combined.png
2025-11-19 01:55:08,673 - INFO - Generating synthetic data and evaluating models
2025-11-19 01:55:08,674 - INFO - Loaded scalers for denormalization
2025-11-19 01:55:08,674 - INFO - Generating and evaluating LSTM-GAN...
2025-11-19 01:55:16,549 - INFO - Denormalizing generated sequence before inverse PCA transform
2025-11-19 01:55:19,741 - INFO - 
Model Comparison:
2025-11-19 01:55:19,746 - INFO - 
                       LSTM-GAN
MSE                    0.189897
MAE                    0.189897
Wasserstein            0.293548
KL Divergence          0.790309
JS Divergence          0.169465
ACF MSE                0.069109
Cross-Correlation MSE  0.028240
Volatility ACF MSE     0.012053
