2025-11-19 00:56:50,633 - INFO - Logging initialized. Log file: C:\Mini_Project\output\20251119\logs\run_20251119_005650.log
2025-11-19 00:56:51,172 - INFO - Unified grid: 9 relative strikes, 7 time points
2025-11-19 00:56:58,184 - INFO - Loaded 2514 dates of implied volatilities data (date range: 2015-10-31 to 2025-10-31). Shape: (2514, 9, 7)
2025-11-19 00:56:58,189 - INFO - Applying PCA to log-implied volatilities series
2025-11-19 00:56:58,191 - INFO - Removing 6072 NaN values using Nadaraya-Watson smoothing
2025-11-19 00:56:59,199 - INFO - Nadaraya-Watson smoothing complete. Removed 6072 NaN values. Remaining NaN count: 0
2025-11-19 00:56:59,203 - INFO - Flattened Log-implied volatility series, shape is now: (2514, 63)
2025-11-19 00:56:59,206 - INFO - PCA explained variance: [0.80646158 0.06293389 0.05666655 0.01777199 0.01176426]
2025-11-19 00:56:59,206 - INFO - Cumulative explained variance: [0.80646158 0.86939548 0.92606202 0.94383401 0.95559827]
2025-11-19 00:57:02,416 - INFO - PCA model saved to C:\Mini_Project\output\20251119\data\pca_reducer.pkl
2025-11-19 00:57:02,416 - INFO - Preparing training data with sequence length 100...
2025-11-19 00:57:02,419 - INFO - Normalizing training and validation data...
2025-11-19 00:57:02,444 - INFO - Normalization complete. Training data mean: -0.0000, std: 1.0000
2025-11-19 00:57:02,444 - INFO - Target data mean: -0.0000, std: 1.0000
2025-11-19 00:57:02,446 - INFO - Saved scalers to C:\Mini_Project\output\20251119\data
2025-11-19 00:57:02,484 - INFO - Created training dataset with 2051 sequences
2025-11-19 00:57:02,484 - INFO - Created validation dataset with 363 sequences
2025-11-19 00:57:02,485 - INFO - Training LSTM-GAN model with 10 epochs
2025-11-19 00:57:58,790 - WARNING - You are saving your model as an HDF5 file via `model.save()` or `keras.saving.save_model(model)`. This file format is considered legacy. We recommend using instead the native Keras format, e.g. `model.save('my_model.keras')` or `keras.saving.save_model(model, 'my_model.keras')`. 
2025-11-19 00:57:58,804 - WARNING - You are saving your model as an HDF5 file via `model.save()` or `keras.saving.save_model(model)`. This file format is considered legacy. We recommend using instead the native Keras format, e.g. `model.save('my_model.keras')` or `keras.saving.save_model(model, 'my_model.keras')`. 
2025-11-19 00:57:58,818 - INFO - LSTM-GAN model saved to C:\Mini_Project\output\20251119\data\lstm_gan_model
2025-11-19 00:57:58,818 - WARNING - Empty loss arrays for LSTM-GAN
2025-11-19 00:57:58,818 - INFO - Training TCN-GAN model with 10 epochs
2025-11-19 00:57:59,707 - WARNING - From C:\Mini_Project\.venv\Lib\site-packages\keras\src\backend\tensorflow\core.py:232: The name tf.placeholder is deprecated. Please use tf.compat.v1.placeholder instead.

