2025-11-18 23:50:19,932 - INFO - Logging initialized. Log file: C:\Mini_Project\output\20251118\logs\run_20251118_235019.log
2025-11-18 23:50:20,181 - INFO - Unified grid: 9 relative strikes, 7 time points
2025-11-18 23:50:28,756 - INFO - Loaded 2514 dates of implied volatilities data (date range: 2015-10-31 to 2025-10-31). Shape: (2514, 9, 7)
2025-11-18 23:50:28,762 - INFO - Applying PCA to log-implied volatilities series
2025-11-18 23:50:28,763 - INFO - Removing 6072 NaN values using Nadaraya-Watson smoothing
2025-11-18 23:50:29,917 - INFO - Nadaraya-Watson smoothing complete. Removed 6072 NaN values. Remaining NaN count: 0
2025-11-18 23:50:29,920 - INFO - Flattened Log-implied volatility series, shape is now: (2514, 63)
2025-11-18 23:50:29,925 - INFO - PCA explained variance: [0.80646158 0.06293389 0.05666655 0.01777199 0.01176426]
2025-11-18 23:50:29,925 - INFO - Cumulative explained variance: [0.80646158 0.86939548 0.92606202 0.94383401 0.95559827]
2025-11-18 23:50:31,465 - INFO - PCA model saved to C:\Mini_Project\output\20251118\data\pca_reducer.pkl
2025-11-18 23:50:31,465 - INFO - Preparing training data with sequence length 100...
2025-11-18 23:50:31,468 - INFO - Normalizing training and validation data...
2025-11-18 23:50:31,493 - INFO - Normalization complete. Training data mean: -0.0000, std: 1.0000
2025-11-18 23:50:31,494 - INFO - Target data mean: -0.0000, std: 1.0000
2025-11-18 23:50:31,496 - INFO - Saved scalers to C:\Mini_Project\output\20251118\data
2025-11-18 23:50:31,527 - INFO - Created training dataset with 1931 sequences
2025-11-18 23:50:31,527 - INFO - Created validation dataset with 483 sequences
2025-11-18 23:50:31,528 - INFO - Training LSTM-GAN model with 100 epochs
2025-11-18 23:59:42,233 - WARNING - Empty loss arrays for LSTM-GAN
2025-11-18 23:59:42,234 - INFO - Generating synthetic data and evaluating models
2025-11-18 23:59:42,288 - INFO - Loaded scalers for denormalization
2025-11-18 23:59:42,288 - INFO - Generating and evaluating LSTM-GAN...
2025-11-18 23:59:50,659 - INFO - Denormalizing generated sequence before inverse PCA transform
2025-11-18 23:59:55,278 - INFO - 
Model Comparison:
2025-11-18 23:59:55,282 - INFO - 
                          LSTM-GAN
MSE                       0.457258
MAE                       0.457258
Wasserstein               0.529844
KL Divergence             9.585516
JS Divergence             0.392704
ACF MSE                   0.027283
Cross-Correlation MSE     0.070044
Volatility ACF MSE        0.014955
