2025-11-19 01:06:47,318 - INFO - Logging initialized. Log file: C:\Mini_Project\output\20251119\logs\run_20251119_010647.log
2025-11-19 01:06:47,579 - INFO - Unified grid: 9 relative strikes, 7 time points
2025-11-19 01:07:03,066 - INFO - Loaded 2514 dates of implied volatilities data (date range: 2015-10-31 to 2025-10-31). Shape: (2514, 9, 7)
2025-11-19 01:07:03,066 - INFO - Applying PCA to log-implied volatilities series
2025-11-19 01:07:03,068 - INFO - Removing 6072 NaN values using Nadaraya-Watson smoothing
2025-11-19 01:07:03,968 - INFO - Nadaraya-Watson smoothing complete. Removed 6072 NaN values. Remaining NaN count: 0
2025-11-19 01:07:03,970 - INFO - Flattened Log-implied volatility series, shape is now: (2514, 63)
2025-11-19 01:07:03,981 - INFO - PCA explained variance: [0.80646158 0.06293389 0.05666655 0.01777199 0.01176426]
2025-11-19 01:07:03,982 - INFO - Cumulative explained variance: [0.80646158 0.86939548 0.92606202 0.94383401 0.95559827]
2025-11-19 01:07:05,544 - INFO - PCA model saved to C:\Mini_Project\output\20251119\data\pca_reducer.pkl
2025-11-19 01:07:05,545 - INFO - Preparing training data with sequence length 100...
2025-11-19 01:07:05,548 - INFO - Normalizing training and validation data...
2025-11-19 01:07:05,584 - INFO - Normalization complete. Training data mean: -0.0000, std: 1.0000
2025-11-19 01:07:05,585 - INFO - Target data mean: -0.0000, std: 1.0000
2025-11-19 01:07:05,587 - INFO - Saved scalers to C:\Mini_Project\output\20251119\data
2025-11-19 01:07:05,630 - INFO - Created training dataset with 2051 sequences
2025-11-19 01:07:05,630 - INFO - Created validation dataset with 363 sequences
2025-11-19 01:07:05,631 - INFO - Training LSTM-GAN model with 10 epochs
2025-11-19 01:08:26,573 - WARNING - You are saving your model as an HDF5 file via `model.save()` or `keras.saving.save_model(model)`. This file format is considered legacy. We recommend using instead the native Keras format, e.g. `model.save('my_model.keras')` or `keras.saving.save_model(model, 'my_model.keras')`. 
2025-11-19 01:08:26,600 - WARNING - You are saving your model as an HDF5 file via `model.save()` or `keras.saving.save_model(model)`. This file format is considered legacy. We recommend using instead the native Keras format, e.g. `model.save('my_model.keras')` or `keras.saving.save_model(model, 'my_model.keras')`. 
2025-11-19 01:08:26,626 - INFO - LSTM-GAN model saved to C:\Mini_Project\output\20251119\data\lstm_gan_model
2025-11-19 01:08:41,373 - INFO - Saved GAN loss plot to C:\Mini_Project\output\20251119\data\plots\lstm_gan_losses.png
2025-11-19 01:08:42,061 - INFO - Saved combined GAN loss plot to C:\Mini_Project\output\20251119\data\plots\lstm_gan_losses_combined.png
