2025-11-19 01:22:40,880 - INFO - Logging initialized. Log file: C:\Mini_Project\output\20251119\logs\run_20251119_012240.log
2025-11-19 01:22:41,098 - INFO - Unified grid: 9 relative strikes, 7 time points
2025-11-19 01:22:47,740 - INFO - Loaded 2514 dates of implied volatilities data (date range: 2015-10-31 to 2025-10-31). Shape: (2514, 9, 7)
2025-11-19 01:22:47,744 - INFO - Applying PCA to log-implied volatilities series
2025-11-19 01:22:47,747 - INFO - Removing 6072 NaN values using Nadaraya-Watson smoothing
2025-11-19 01:22:48,774 - INFO - Nadaraya-Watson smoothing complete. Removed 6072 NaN values. Remaining NaN count: 0
2025-11-19 01:22:48,776 - INFO - Flattened Log-implied volatility series, shape is now: (2514, 63)
2025-11-19 01:22:48,782 - INFO - PCA explained variance: [0.80646158 0.06293389 0.05666655 0.01777199 0.01176426]
2025-11-19 01:22:48,782 - INFO - Cumulative explained variance: [0.80646158 0.86939548 0.92606202 0.94383401 0.95559827]
2025-11-19 01:22:50,428 - INFO - PCA model saved to C:\Mini_Project\output\20251119\data\pca_reducer.pkl
2025-11-19 01:22:50,429 - INFO - Preparing training data with sequence length 100...
2025-11-19 01:22:50,436 - INFO - Normalizing training and validation data...
2025-11-19 01:22:50,483 - INFO - Normalization complete. Training data mean: -0.0000, std: 1.0000
2025-11-19 01:22:50,483 - INFO - Target data mean: -0.0000, std: 1.0000
2025-11-19 01:22:50,484 - INFO - Saved scalers to C:\Mini_Project\output\20251119\data
2025-11-19 01:22:50,522 - INFO - Created training dataset with 2051 sequences
2025-11-19 01:22:50,523 - INFO - Created validation dataset with 363 sequences
2025-11-19 01:22:50,523 - INFO - Training LSTM-GAN model with 100 epochs
2025-11-19 01:31:44,717 - WARNING - You are saving your model as an HDF5 file via `model.save()` or `keras.saving.save_model(model)`. This file format is considered legacy. We recommend using instead the native Keras format, e.g. `model.save('my_model.keras')` or `keras.saving.save_model(model, 'my_model.keras')`. 
2025-11-19 01:31:44,757 - WARNING - You are saving your model as an HDF5 file via `model.save()` or `keras.saving.save_model(model)`. This file format is considered legacy. We recommend using instead the native Keras format, e.g. `model.save('my_model.keras')` or `keras.saving.save_model(model, 'my_model.keras')`. 
2025-11-19 01:31:44,801 - INFO - LSTM-GAN model saved to C:\Mini_Project\output\20251119\data\lstm_gan_model
2025-11-19 01:31:46,430 - INFO - Saved GAN loss plot to C:\Mini_Project\output\20251119\data\plots\lstm_gan_losses.png
2025-11-19 01:31:46,938 - INFO - Saved combined GAN loss plot to C:\Mini_Project\output\20251119\data\plots\lstm_gan_losses_combined.png
2025-11-19 01:31:46,938 - INFO - Generating synthetic data and evaluating models
2025-11-19 01:31:46,985 - INFO - Loaded scalers for denormalization
2025-11-19 01:31:46,986 - INFO - Generating and evaluating LSTM-GAN...
2025-11-19 01:31:55,094 - INFO - Denormalizing generated sequence before inverse PCA transform
2025-11-19 01:31:58,161 - INFO - 
Model Comparison:
2025-11-19 01:31:58,174 - INFO - 
                       LSTM-GAN
MSE                    0.201330
MAE                    0.201330
Wasserstein            0.294855
KL Divergence          1.694943
JS Divergence          0.206131
ACF MSE                0.025564
Cross-Correlation MSE  0.068042
Volatility ACF MSE     0.014479
