2025-11-20 23:28:23,122 - INFO - Logging initialized. Log file: C:\Mini_Project\output\20251119\logs\run_20251120_232823.log
2025-11-20 23:28:23,123 - INFO - Random seed: 10
2025-11-20 23:28:23,124 - INFO - ================================================================================
2025-11-20 23:28:23,124 - INFO - HYPERPARAMETERS FOR THIS RUN
2025-11-20 23:28:23,124 - INFO - ================================================================================
2025-11-20 23:28:23,124 - INFO - Data Parameters:
2025-11-20 23:28:23,125 - INFO -   TICKER: ^NDX
2025-11-20 23:28:23,125 - INFO -   START_DATE: 2015-10-31
2025-11-20 23:28:23,126 - INFO -   END_DATE: 2025-10-31
2025-11-20 23:28:23,126 - INFO -   N_YEARS: 10
2025-11-20 23:28:23,126 - INFO -   STRIKES: [0.8, 0.85, 0.9, 0.95, 1.0, 1.05, 1.1, 1.15, 1.2]
2025-11-20 23:28:23,127 - INFO -   MATURITIES: [30, 60, 90, 120, 150, 180, 360]
2025-11-20 23:28:23,127 - INFO - 
2025-11-20 23:28:23,127 - INFO - PCA Parameters:
2025-11-20 23:28:23,127 - INFO -   N_COMPONENTS: 5
2025-11-20 23:28:23,127 - INFO - 
2025-11-20 23:28:23,127 - INFO - Data Preparation Parameters:
2025-11-20 23:28:23,127 - INFO -   SEQUENCE_LENGTH: 1000
2025-11-20 23:28:23,128 - INFO -   BATCH_SIZE: 64
2025-11-20 23:28:23,128 - INFO -   TRAIN_RATIO: 0.85
2025-11-20 23:28:23,128 - INFO - 
2025-11-20 23:28:23,128 - INFO - GAN Training Parameters:
2025-11-20 23:28:23,128 - INFO -   NOISE_DIM: 64
2025-11-20 23:28:23,128 - INFO -   EPOCHS: 250
2025-11-20 23:28:23,129 - INFO -   LEARNING_RATE_GEN: 5e-05
2025-11-20 23:28:23,129 - INFO -   LEARNING_RATE_DES: 0.0003
2025-11-20 23:28:23,129 - INFO -   BETA_PARAM: 0.3
2025-11-20 23:28:23,129 - INFO -   GEN_GRAD_CLIP: 0.5
2025-11-20 23:28:23,129 - INFO -   DISC_GRAD_CLIP: 1.0
2025-11-20 23:28:23,129 - INFO -   RANDOM_SEED: 10
2025-11-20 23:28:23,130 - INFO - 
2025-11-20 23:28:23,130 - INFO - Generation Parameters:
2025-11-20 23:28:23,130 - INFO -   GENERATE_LENGTH: 252
2025-11-20 23:28:23,130 - INFO - 
2025-11-20 23:28:23,130 - INFO - Model Training Flags:
2025-11-20 23:28:23,130 - INFO -   TRAIN_LSTM_GAN: True
2025-11-20 23:28:23,130 - INFO -   TRAIN_TCN_GAN: False
2025-11-20 23:28:23,130 - INFO - ================================================================================
2025-11-20 23:28:23,131 - INFO - 
2025-11-20 23:28:23,329 - INFO - Unified grid: 9 relative strikes, 7 time points
2025-11-20 23:28:36,291 - INFO - Loaded 2514 dates of implied volatilities data (date range: 2015-10-31 to 2025-10-31). Shape: (2514, 9, 7)
2025-11-20 23:28:36,291 - INFO - Applying PCA to log-implied volatilities series
2025-11-20 23:28:36,291 - INFO - Removing 6072 NaN values using Nadaraya-Watson smoothing
2025-11-20 23:28:38,674 - INFO - Nadaraya-Watson smoothing complete. Removed 6072 NaN values. Remaining NaN count: 0
2025-11-20 23:28:38,689 - INFO - Flattened Log-implied volatility series, shape is now: (2514, 63)
2025-11-20 23:28:38,689 - INFO - PCA explained variance: [0.80646158 0.06293389 0.05666655 0.01777199 0.01176426]
2025-11-20 23:28:38,689 - INFO - Cumulative explained variance: [0.80646158 0.86939548 0.92606202 0.94383401 0.95559827]
2025-11-20 23:28:41,190 - INFO - PCA model saved to C:\Mini_Project\output\20251119\data\pca_reducer.pkl
2025-11-20 23:28:41,190 - INFO - Preparing training data with sequence length 1000...
2025-11-20 23:28:41,206 - INFO - Normalizing training and validation data...
2025-11-20 23:28:41,535 - INFO - Normalization complete. Training data mean: 0.0000, std: 1.0000
2025-11-20 23:28:41,535 - INFO - Target data mean: -0.0000, std: 1.0000
2025-11-20 23:28:41,545 - INFO - Saved scalers to C:\Mini_Project\output\20251119\data
2025-11-20 23:28:41,639 - INFO - Created training dataset with 1286 sequences
2025-11-20 23:28:41,640 - INFO - Created validation dataset with 228 sequences
2025-11-20 23:28:41,640 - INFO - 
2025-11-20 23:28:41,640 - INFO - ================================================================================
2025-11-20 23:28:41,640 - INFO - LSTM-GAN MODEL CONFIGURATION
2025-11-20 23:28:41,641 - INFO - ================================================================================
2025-11-20 23:28:41,641 - INFO - Training LSTM-GAN model with 250 epochs
2025-11-20 23:28:41,641 - INFO - 
2025-11-20 23:28:41,641 - INFO - Model Architecture:
2025-11-20 23:28:41,642 - INFO -   state_dim: (None, 1000, 5)
2025-11-20 23:28:41,642 - INFO -   noise_dim: 64
2025-11-20 23:28:41,642 - INFO -   output_dim: 5
2025-11-20 23:28:41,642 - INFO -   generator_units: [64, 128]
2025-11-20 23:28:41,642 - INFO -   discriminator_units: [128, 64]
2025-11-20 23:28:41,642 - INFO -   use_pca: True
2025-11-20 23:28:41,642 - INFO -   n_pca_components: 5
2025-11-20 23:28:41,642 - INFO - 
2025-11-20 23:28:41,642 - INFO - Training Hyperparameters:
2025-11-20 23:28:41,645 - INFO -   Learning Rate (Generator): 5e-05
2025-11-20 23:28:41,645 - INFO -   Learning Rate (Discriminator): 0.0003
2025-11-20 23:28:41,645 - INFO -   Beta (Adam optimizer): 0.3
2025-11-20 23:28:41,645 - INFO -   Generator Gradient Clipping: 0.5
2025-11-20 23:28:41,648 - INFO -   Discriminator Gradient Clipping: 1.0
2025-11-20 23:28:41,650 - INFO -   Random Seed: 10
2025-11-20 23:28:41,651 - INFO - ================================================================================
2025-11-20 23:28:41,651 - INFO - 
2025-11-21 00:00:24,012 - WARNING - You are saving your model as an HDF5 file via `model.save()` or `keras.saving.save_model(model)`. This file format is considered legacy. We recommend using instead the native Keras format, e.g. `model.save('my_model.keras')` or `keras.saving.save_model(model, 'my_model.keras')`. 
2025-11-21 00:00:24,028 - WARNING - You are saving your model as an HDF5 file via `model.save()` or `keras.saving.save_model(model)`. This file format is considered legacy. We recommend using instead the native Keras format, e.g. `model.save('my_model.keras')` or `keras.saving.save_model(model, 'my_model.keras')`. 
2025-11-21 00:00:24,060 - INFO - LSTM-GAN model saved to C:\Mini_Project\output\20251119\data\lstm_gan_model
2025-11-21 00:00:25,230 - INFO - Saved GAN loss plot to C:\Mini_Project\output\20251119\data\plots\lstm_gan_losses.png
2025-11-21 00:00:25,754 - INFO - Saved combined GAN loss plot to C:\Mini_Project\output\20251119\data\plots\lstm_gan_losses_combined.png
2025-11-21 00:00:25,754 - INFO - Generating synthetic data and evaluating models
2025-11-21 00:00:25,754 - INFO - Loaded scalers for denormalization
2025-11-21 00:00:25,754 - INFO - Generating and evaluating LSTM-GAN...
2025-11-21 00:00:55,341 - INFO - Denormalizing generated sequence before inverse PCA transform
2025-11-21 00:00:58,128 - INFO - 
Model Comparison:
2025-11-21 00:00:58,128 - INFO - 
                       LSTM-GAN
MSE                    0.122959
MAE                    0.122959
Wasserstein            0.199130
KL Divergence          0.917131
JS Divergence          0.125033
ACF MSE                0.048351
Cross-Correlation MSE  0.044910
Volatility ACF MSE     0.007925
2025-11-21 00:00:58,140 - INFO - Saving real and generated data, transforming to IVs, and calculating Black-Scholes prices...
2025-11-21 00:00:58,194 - INFO - Loaded underlying prices for 252 dates
2025-11-21 00:00:58,334 - INFO - Loaded 252 risk-free rates from EFFR for dates
2025-11-21 00:00:58,369 - INFO - Saved real log-IV data to C:\Mini_Project\output\20251119\data\real_data/log_implied_vols.csv
2025-11-21 00:00:58,382 - INFO - Saved real IV data to C:\Mini_Project\output\20251119\data\real_data/implied_vols.csv
2025-11-21 00:00:58,383 - INFO - Verification: Real IVs vs Original IVs - Max difference: 0.000000, Mean difference: 0.000000
2025-11-21 00:00:58,383 - INFO - Real IVs match original IVs (within tolerance)
2025-11-21 00:00:59,577 - INFO - Saved real option prices to C:\Mini_Project\output\20251119\data\real_data/option_prices.csv
2025-11-21 00:00:59,590 - INFO - Saved LSTM-GAN generated log-IV data to C:\Mini_Project\output\20251119\data\generated_data\lstm_gan/log_implied_vols.csv
2025-11-21 00:00:59,602 - INFO - Saved LSTM-GAN generated IV data to C:\Mini_Project\output\20251119\data\generated_data\lstm_gan/implied_vols.csv
2025-11-21 00:01:00,797 - INFO - Saved LSTM-GAN generated option prices to C:\Mini_Project\output\20251119\data\generated_data\lstm_gan/option_prices.csv
2025-11-21 00:01:00,797 - INFO - Finished saving all data and calculating Black-Scholes prices.
