2025-11-19 00:59:06,183 - INFO - Logging initialized. Log file: C:\Mini_Project\output\20251119\logs\run_20251119_005906.log
2025-11-19 00:59:06,444 - INFO - Unified grid: 9 relative strikes, 7 time points
2025-11-19 00:59:21,208 - INFO - Loaded 2514 dates of implied volatilities data (date range: 2015-10-31 to 2025-10-31). Shape: (2514, 9, 7)
2025-11-19 00:59:21,209 - INFO - Applying PCA to log-implied volatilities series
2025-11-19 00:59:21,210 - INFO - Removing 6072 NaN values using Nadaraya-Watson smoothing
2025-11-19 00:59:22,185 - INFO - Nadaraya-Watson smoothing complete. Removed 6072 NaN values. Remaining NaN count: 0
2025-11-19 00:59:22,188 - INFO - Flattened Log-implied volatility series, shape is now: (2514, 63)
2025-11-19 00:59:22,195 - INFO - PCA explained variance: [0.80646158 0.06293389 0.05666655 0.01777199 0.01176426]
2025-11-19 00:59:22,195 - INFO - Cumulative explained variance: [0.80646158 0.86939548 0.92606202 0.94383401 0.95559827]
2025-11-19 00:59:23,859 - INFO - PCA model saved to C:\Mini_Project\output\20251119\data\pca_reducer.pkl
2025-11-19 00:59:23,859 - INFO - Preparing training data with sequence length 100...
2025-11-19 00:59:23,866 - INFO - Normalizing training and validation data...
2025-11-19 00:59:23,904 - INFO - Normalization complete. Training data mean: -0.0000, std: 1.0000
2025-11-19 00:59:23,905 - INFO - Target data mean: -0.0000, std: 1.0000
2025-11-19 00:59:23,908 - INFO - Saved scalers to C:\Mini_Project\output\20251119\data
2025-11-19 00:59:23,963 - INFO - Created training dataset with 2051 sequences
2025-11-19 00:59:23,964 - INFO - Created validation dataset with 363 sequences
2025-11-19 00:59:23,964 - INFO - Training LSTM-GAN model with 10 epochs
2025-11-19 01:00:44,875 - WARNING - You are saving your model as an HDF5 file via `model.save()` or `keras.saving.save_model(model)`. This file format is considered legacy. We recommend using instead the native Keras format, e.g. `model.save('my_model.keras')` or `keras.saving.save_model(model, 'my_model.keras')`. 
2025-11-19 01:00:44,910 - WARNING - You are saving your model as an HDF5 file via `model.save()` or `keras.saving.save_model(model)`. This file format is considered legacy. We recommend using instead the native Keras format, e.g. `model.save('my_model.keras')` or `keras.saving.save_model(model, 'my_model.keras')`. 
2025-11-19 01:00:44,940 - INFO - LSTM-GAN model saved to C:\Mini_Project\output\20251119\data\lstm_gan_model
