2025-11-23 05:20:30,743 - INFO - Logging initialized. Log file: C:\Mini_Project\output\20251119\logs\run_20251123_052030.log
2025-11-23 05:20:30,743 - INFO - Random seed: 10
2025-11-23 05:20:30,743 - INFO - ================================================================================
2025-11-23 05:20:30,743 - INFO - HYPERPARAMETERS FOR THIS RUN
2025-11-23 05:20:30,743 - INFO - ================================================================================
2025-11-23 05:20:30,743 - INFO - Data Parameters:
2025-11-23 05:20:30,743 - INFO -   TICKER: ^NDX
2025-11-23 05:20:30,743 - INFO -   START_DATE: 2015-10-31
2025-11-23 05:20:30,743 - INFO -   END_DATE: 2025-10-31
2025-11-23 05:20:30,743 - INFO -   N_YEARS: 10
2025-11-23 05:20:30,743 - INFO -   STRIKES: [0.8, 0.85, 0.9, 0.95, 1.0, 1.05, 1.1, 1.15, 1.2]
2025-11-23 05:20:30,743 - INFO -   MATURITIES: [30, 60, 90, 120, 150, 180, 360]
2025-11-23 05:20:30,743 - INFO - 
2025-11-23 05:20:30,743 - INFO - PCA Parameters:
2025-11-23 05:20:30,743 - INFO -   N_COMPONENTS: 5
2025-11-23 05:20:30,743 - INFO - 
2025-11-23 05:20:30,743 - INFO - Data Preparation Parameters:
2025-11-23 05:20:30,743 - INFO -   SEQUENCE_LENGTH: 1000
2025-11-23 05:20:30,749 - INFO -   BATCH_SIZE: 64
2025-11-23 05:20:30,749 - INFO -   TRAIN_RATIO: 0.85
2025-11-23 05:20:30,749 - INFO - 
2025-11-23 05:20:30,749 - INFO - GAN Training Parameters:
2025-11-23 05:20:30,750 - INFO -   NOISE_DIM: 64
2025-11-23 05:20:30,750 - INFO -   EPOCHS: 250
2025-11-23 05:20:30,752 - INFO -   LEARNING_RATE_GEN: 5e-05
2025-11-23 05:20:30,752 - INFO -   LEARNING_RATE_DES: 0.0003
2025-11-23 05:20:30,752 - INFO -   BETA_PARAM: 0.3
2025-11-23 05:20:30,753 - INFO -   GEN_GRAD_CLIP: 0.5
2025-11-23 05:20:30,753 - INFO -   DISC_GRAD_CLIP: 1.0
2025-11-23 05:20:30,753 - INFO -   RANDOM_SEED: 10
2025-11-23 05:20:30,753 - INFO - 
2025-11-23 05:20:30,753 - INFO - Generation Parameters:
2025-11-23 05:20:30,753 - INFO -   GENERATE_LENGTH: 252
2025-11-23 05:20:30,754 - INFO - 
2025-11-23 05:20:30,754 - INFO - Model Training Flags:
2025-11-23 05:20:30,754 - INFO -   TRAIN_LSTM_GAN: True
2025-11-23 05:20:30,754 - INFO -   TRAIN_TCN_GAN: False
2025-11-23 05:20:30,754 - INFO - ================================================================================
2025-11-23 05:20:30,754 - INFO - 
2025-11-23 05:20:31,396 - INFO - Unified grid: 9 relative strikes, 7 time points
2025-11-23 05:20:39,109 - INFO - Loaded 2514 dates of implied volatilities data (date range: 2015-10-31 to 2025-10-31). Shape: (2514, 9, 7)
2025-11-23 05:20:39,113 - INFO - Applying PCA to log-implied volatilities series
2025-11-23 05:20:39,116 - INFO - Removing 6072 NaN values using Nadaraya-Watson smoothing
2025-11-23 05:20:40,347 - INFO - Nadaraya-Watson smoothing complete. Removed 6072 NaN values. Remaining NaN count: 0
2025-11-23 05:20:40,347 - INFO - Flattened Log-implied volatility series, shape is now: (2514, 63)
2025-11-23 05:20:40,347 - INFO - PCA explained variance: [0.80646158 0.06293389 0.05666655 0.01777199 0.01176426]
2025-11-23 05:20:40,347 - INFO - Cumulative explained variance: [0.80646158 0.86939548 0.92606202 0.94383401 0.95559827]
2025-11-23 05:20:43,705 - INFO - PCA model saved to C:\Mini_Project\output\20251119\data\pca_reducer.pkl
2025-11-23 05:20:43,705 - INFO - Preparing training data with sequence length 1000...
2025-11-23 05:20:43,745 - INFO - Normalizing training and validation data...
2025-11-23 05:20:43,983 - INFO - Normalization complete. Training data mean: 0.0000, std: 1.0000
2025-11-23 05:20:43,983 - INFO - Target data mean: -0.0000, std: 1.0000
2025-11-23 05:20:43,986 - INFO - Saved scalers to C:\Mini_Project\output\20251119\data
2025-11-23 05:20:44,043 - INFO - Created training dataset with 1286 sequences
2025-11-23 05:20:44,043 - INFO - Created validation dataset with 228 sequences
2025-11-23 05:20:44,043 - INFO - Loading models from C:\Mini_Project\output\20251119\data
2025-11-23 05:20:44,043 - INFO - Loading LSTM-GAN from C:\Mini_Project\output\20251119\data\lstm_gan_model
2025-11-23 05:20:44,328 - WARNING - No training configuration found in the save file, so the model was *not* compiled. Compile it manually.
2025-11-23 05:20:44,394 - WARNING - No training configuration found in the save file, so the model was *not* compiled. Compile it manually.
2025-11-23 05:20:44,403 - INFO - LSTM-GAN loaded successfully
2025-11-23 05:20:44,404 - INFO - Generating synthetic data and evaluating models
2025-11-23 05:20:44,404 - INFO - Loaded scalers for denormalization
2025-11-23 05:20:44,405 - INFO - Generating and evaluating LSTM-GAN...
2025-11-23 05:21:06,085 - INFO - Denormalizing generated sequence before inverse PCA transform
