2025-11-19 02:21:50,309 - INFO - Logging initialized. Log file: C:\Mini_Project\output\20251119\logs\run_20251119_022150.log
2025-11-19 02:21:50,712 - INFO - Unified grid: 9 relative strikes, 7 time points
2025-11-19 02:22:02,408 - INFO - Loaded 2514 dates of implied volatilities data (date range: 2015-10-31 to 2025-10-31). Shape: (2514, 9, 7)
2025-11-19 02:22:02,413 - INFO - Applying PCA to log-implied volatilities series
2025-11-19 02:22:02,416 - INFO - Removing 6072 NaN values using Nadaraya-Watson smoothing
2025-11-19 02:22:03,891 - INFO - Nadaraya-Watson smoothing complete. Removed 6072 NaN values. Remaining NaN count: 0
2025-11-19 02:22:03,894 - INFO - Flattened Log-implied volatility series, shape is now: (2514, 63)
2025-11-19 02:22:03,898 - INFO - PCA explained variance: [0.80646158 0.06293389 0.05666655 0.01777199 0.01176426]
2025-11-19 02:22:03,899 - INFO - Cumulative explained variance: [0.80646158 0.86939548 0.92606202 0.94383401 0.95559827]
2025-11-19 02:22:05,986 - INFO - PCA model saved to C:\Mini_Project\output\20251119\data\pca_reducer.pkl
2025-11-19 02:22:05,987 - INFO - Preparing training data with sequence length 1000...
2025-11-19 02:22:06,016 - INFO - Normalizing training and validation data...
2025-11-19 02:22:06,264 - INFO - Normalization complete. Training data mean: 0.0000, std: 1.0000
2025-11-19 02:22:06,265 - INFO - Target data mean: -0.0000, std: 1.0000
2025-11-19 02:22:06,267 - INFO - Saved scalers to C:\Mini_Project\output\20251119\data
2025-11-19 02:22:06,344 - INFO - Created training dataset with 1286 sequences
2025-11-19 02:22:06,345 - INFO - Created validation dataset with 228 sequences
2025-11-19 02:22:06,345 - INFO - Training LSTM-GAN model with 10 epochs
2025-11-19 02:23:09,221 - WARNING - You are saving your model as an HDF5 file via `model.save()` or `keras.saving.save_model(model)`. This file format is considered legacy. We recommend using instead the native Keras format, e.g. `model.save('my_model.keras')` or `keras.saving.save_model(model, 'my_model.keras')`. 
2025-11-19 02:23:09,251 - WARNING - You are saving your model as an HDF5 file via `model.save()` or `keras.saving.save_model(model)`. This file format is considered legacy. We recommend using instead the native Keras format, e.g. `model.save('my_model.keras')` or `keras.saving.save_model(model, 'my_model.keras')`. 
2025-11-19 02:23:09,278 - INFO - LSTM-GAN model saved to C:\Mini_Project\output\20251119\data\lstm_gan_model
2025-11-19 02:23:09,910 - INFO - Saved GAN loss plot to C:\Mini_Project\output\20251119\data\plots\lstm_gan_losses.png
2025-11-19 02:23:10,334 - INFO - Saved combined GAN loss plot to C:\Mini_Project\output\20251119\data\plots\lstm_gan_losses_combined.png
2025-11-19 02:23:10,334 - INFO - Generating synthetic data and evaluating models
2025-11-19 02:23:10,336 - INFO - Loaded scalers for denormalization
2025-11-19 02:23:10,336 - INFO - Generating and evaluating LSTM-GAN...
2025-11-19 02:23:22,246 - INFO - Denormalizing generated sequence before inverse PCA transform
2025-11-19 02:23:26,847 - INFO - 
Model Comparison:
2025-11-19 02:23:26,861 - INFO - 
                        LSTM-GAN
MSE                     5.695897
MAE                     5.695897
Wasserstein             2.197397
KL Divergence          14.489289
JS Divergence           0.639067
ACF MSE                 0.056297
Cross-Correlation MSE   0.050387
Volatility ACF MSE      0.025562
