2025-11-23 02:47:04,084 - INFO - Logging initialized. Log file: C:\Mini_Project\output\20251119\logs\run_20251123_024704.log
2025-11-23 02:47:04,084 - INFO - Random seed: 10
2025-11-23 02:47:04,084 - INFO - ================================================================================
2025-11-23 02:47:04,084 - INFO - HYPERPARAMETERS FOR THIS RUN
2025-11-23 02:47:04,084 - INFO - ================================================================================
2025-11-23 02:47:04,084 - INFO - Data Parameters:
2025-11-23 02:47:04,084 - INFO -   TICKER: ^NDX
2025-11-23 02:47:04,084 - INFO -   START_DATE: 2015-10-31
2025-11-23 02:47:04,084 - INFO -   END_DATE: 2025-10-31
2025-11-23 02:47:04,084 - INFO -   N_YEARS: 10
2025-11-23 02:47:04,084 - INFO -   STRIKES: [0.8, 0.85, 0.9, 0.95, 1.0, 1.05, 1.1, 1.15, 1.2]
2025-11-23 02:47:04,084 - INFO -   MATURITIES: [30, 60, 90, 120, 150, 180, 360]
2025-11-23 02:47:04,084 - INFO - 
2025-11-23 02:47:04,084 - INFO - PCA Parameters:
2025-11-23 02:47:04,084 - INFO -   N_COMPONENTS: 5
2025-11-23 02:47:04,084 - INFO - 
2025-11-23 02:47:04,084 - INFO - Data Preparation Parameters:
2025-11-23 02:47:04,084 - INFO -   SEQUENCE_LENGTH: 1000
2025-11-23 02:47:04,084 - INFO -   BATCH_SIZE: 64
2025-11-23 02:47:04,084 - INFO -   TRAIN_RATIO: 0.85
2025-11-23 02:47:04,084 - INFO - 
2025-11-23 02:47:04,084 - INFO - GAN Training Parameters:
2025-11-23 02:47:04,084 - INFO -   NOISE_DIM: 64
2025-11-23 02:47:04,084 - INFO -   EPOCHS: 250
2025-11-23 02:47:04,084 - INFO -   LEARNING_RATE_GEN: 5e-05
2025-11-23 02:47:04,084 - INFO -   LEARNING_RATE_DES: 0.0003
2025-11-23 02:47:04,084 - INFO -   BETA_PARAM: 0.3
2025-11-23 02:47:04,084 - INFO -   GEN_GRAD_CLIP: 0.5
2025-11-23 02:47:04,084 - INFO -   DISC_GRAD_CLIP: 1.0
2025-11-23 02:47:04,091 - INFO -   RANDOM_SEED: 10
2025-11-23 02:47:04,091 - INFO - 
2025-11-23 02:47:04,091 - INFO - Generation Parameters:
2025-11-23 02:47:04,091 - INFO -   GENERATE_LENGTH: 756
2025-11-23 02:47:04,092 - INFO - 
2025-11-23 02:47:04,092 - INFO - Model Training Flags:
2025-11-23 02:47:04,092 - INFO -   TRAIN_LSTM_GAN: True
2025-11-23 02:47:04,092 - INFO -   TRAIN_TCN_GAN: False
2025-11-23 02:47:04,092 - INFO - ================================================================================
2025-11-23 02:47:04,092 - INFO - 
2025-11-23 02:47:04,335 - INFO - Unified grid: 9 relative strikes, 7 time points
2025-11-23 02:47:11,087 - INFO - Loaded 2514 dates of implied volatilities data (date range: 2015-10-31 to 2025-10-31). Shape: (2514, 9, 7)
2025-11-23 02:47:11,091 - INFO - Applying PCA to log-implied volatilities series
2025-11-23 02:47:11,091 - INFO - Removing 6072 NaN values using Nadaraya-Watson smoothing
2025-11-23 02:47:12,053 - INFO - Nadaraya-Watson smoothing complete. Removed 6072 NaN values. Remaining NaN count: 0
2025-11-23 02:47:12,053 - INFO - Flattened Log-implied volatility series, shape is now: (2514, 63)
2025-11-23 02:47:12,059 - INFO - PCA explained variance: [0.80646158 0.06293389 0.05666655 0.01777199 0.01176426]
2025-11-23 02:47:12,059 - INFO - Cumulative explained variance: [0.80646158 0.86939548 0.92606202 0.94383401 0.95559827]
2025-11-23 02:47:15,192 - INFO - PCA model saved to C:\Mini_Project\output\20251119\data\pca_reducer.pkl
2025-11-23 02:47:15,192 - INFO - Preparing training data with sequence length 1000...
2025-11-23 02:47:15,217 - INFO - Normalizing training and validation data...
2025-11-23 02:47:15,425 - INFO - Normalization complete. Training data mean: 0.0000, std: 1.0000
2025-11-23 02:47:15,437 - INFO - Target data mean: -0.0000, std: 1.0000
2025-11-23 02:47:15,437 - INFO - Saved scalers to C:\Mini_Project\output\20251119\data
2025-11-23 02:47:15,502 - INFO - Created training dataset with 1286 sequences
2025-11-23 02:47:15,503 - INFO - Created validation dataset with 228 sequences
2025-11-23 02:47:15,503 - INFO - Loading models from C:\Mini_Project\output\20251119\data
2025-11-23 02:47:15,503 - INFO - Loading LSTM-GAN from C:\Mini_Project\output\20251119\data\lstm_gan_model
2025-11-23 02:47:15,782 - WARNING - No training configuration found in the save file, so the model was *not* compiled. Compile it manually.
2025-11-23 02:47:15,848 - WARNING - No training configuration found in the save file, so the model was *not* compiled. Compile it manually.
2025-11-23 02:47:15,873 - INFO - LSTM-GAN loaded successfully
2025-11-23 02:47:15,873 - INFO - Generating synthetic data and evaluating models
2025-11-23 02:47:15,877 - INFO - Loaded scalers for denormalization
2025-11-23 02:47:15,877 - INFO - Generating and evaluating LSTM-GAN...
2025-11-23 02:48:15,952 - INFO - Denormalizing generated sequence before inverse PCA transform
2025-11-23 02:48:26,356 - INFO - 
Model Comparison:
2025-11-23 02:48:26,356 - INFO - 
                       LSTM-GAN
MSE                    0.268684
MAE                    0.268684
Wasserstein            0.123761
KL Divergence          0.248063
JS Divergence          0.032172
ACF MSE                0.015118
Cross-Correlation MSE  0.014806
Volatility ACF MSE     0.005200
2025-11-23 02:48:26,356 - INFO - Saving real and generated data, transforming to IVs, and calculating Black-Scholes prices...
2025-11-23 02:48:26,356 - INFO - Using dates from 2015-11-02 to 2018-10-31 for saved data (total: 756 dates)
2025-11-23 02:48:26,411 - INFO - Loaded underlying prices for 756 dates
2025-11-23 02:48:26,695 - INFO - Loaded 756 risk-free rates from EFFR for dates
2025-11-23 02:48:26,731 - INFO - Saved real log-IV data to C:\Mini_Project\output\20251119\data\real_data/log_implied_vols.csv
2025-11-23 02:48:26,776 - INFO - Saved real IV data to C:\Mini_Project\output\20251119\data\real_data/implied_vols.csv
2025-11-23 02:48:26,776 - INFO - Verification: Real IVs vs Original IVs - Max difference: 0.000000, Mean difference: 0.000000
2025-11-23 02:48:26,776 - INFO - Real IVs match original IVs (within tolerance)
2025-11-23 02:48:29,925 - INFO - Saved real option prices to C:\Mini_Project\output\20251119\data\real_data/option_prices.csv
2025-11-23 02:48:29,979 - INFO - Saved LSTM-GAN generated log-IV data to C:\Mini_Project\output\20251119\data\generated_data\lstm_gan/log_implied_vols.csv
2025-11-23 02:48:30,025 - INFO - Saved LSTM-GAN generated IV data to C:\Mini_Project\output\20251119\data\generated_data\lstm_gan/implied_vols.csv
2025-11-23 02:48:33,232 - INFO - Saved LSTM-GAN generated option prices to C:\Mini_Project\output\20251119\data\generated_data\lstm_gan/option_prices.csv
2025-11-23 02:48:33,232 - INFO - Finished saving all data and calculating Black-Scholes prices.
