2025-11-19 01:34:53,665 - INFO - Logging initialized. Log file: C:\Mini_Project\output\20251119\logs\run_20251119_013453.log
2025-11-19 01:34:54,215 - INFO - Unified grid: 9 relative strikes, 7 time points
2025-11-19 01:35:01,028 - INFO - Loaded 2514 dates of implied volatilities data (date range: 2015-10-31 to 2025-10-31). Shape: (2514, 9, 7)
2025-11-19 01:35:01,031 - INFO - Applying PCA to log-implied volatilities series
2025-11-19 01:35:01,032 - INFO - Removing 6072 NaN values using Nadaraya-Watson smoothing
2025-11-19 01:35:01,924 - INFO - Nadaraya-Watson smoothing complete. Removed 6072 NaN values. Remaining NaN count: 0
2025-11-19 01:35:01,927 - INFO - Flattened Log-implied volatility series, shape is now: (2514, 63)
2025-11-19 01:35:01,931 - INFO - PCA explained variance: [0.80646158 0.06293389 0.05666655 0.01777199 0.01176426]
2025-11-19 01:35:01,931 - INFO - Cumulative explained variance: [0.80646158 0.86939548 0.92606202 0.94383401 0.95559827]
2025-11-19 01:35:03,990 - INFO - PCA model saved to C:\Mini_Project\output\20251119\data\pca_reducer.pkl
2025-11-19 01:35:03,990 - INFO - Preparing training data with sequence length 100...
2025-11-19 01:35:03,993 - INFO - Normalizing training and validation data...
2025-11-19 01:35:04,020 - INFO - Normalization complete. Training data mean: -0.0000, std: 1.0000
2025-11-19 01:35:04,021 - INFO - Target data mean: -0.0000, std: 1.0000
2025-11-19 01:35:04,022 - INFO - Saved scalers to C:\Mini_Project\output\20251119\data
2025-11-19 01:35:04,062 - INFO - Created training dataset with 2051 sequences
2025-11-19 01:35:04,062 - INFO - Created validation dataset with 363 sequences
2025-11-19 01:35:04,063 - INFO - Training LSTM-GAN model with 100 epochs
2025-11-19 01:44:36,295 - WARNING - You are saving your model as an HDF5 file via `model.save()` or `keras.saving.save_model(model)`. This file format is considered legacy. We recommend using instead the native Keras format, e.g. `model.save('my_model.keras')` or `keras.saving.save_model(model, 'my_model.keras')`. 
2025-11-19 01:44:36,310 - WARNING - You are saving your model as an HDF5 file via `model.save()` or `keras.saving.save_model(model)`. This file format is considered legacy. We recommend using instead the native Keras format, e.g. `model.save('my_model.keras')` or `keras.saving.save_model(model, 'my_model.keras')`. 
2025-11-19 01:44:36,326 - INFO - LSTM-GAN model saved to C:\Mini_Project\output\20251119\data\lstm_gan_model
2025-11-19 01:44:36,767 - INFO - Saved GAN loss plot to C:\Mini_Project\output\20251119\data\plots\lstm_gan_losses.png
2025-11-19 01:44:37,228 - INFO - Saved combined GAN loss plot to C:\Mini_Project\output\20251119\data\plots\lstm_gan_losses_combined.png
2025-11-19 01:44:37,229 - INFO - Generating synthetic data and evaluating models
2025-11-19 01:44:37,229 - INFO - Loaded scalers for denormalization
2025-11-19 01:44:37,230 - INFO - Generating and evaluating LSTM-GAN...
2025-11-19 01:44:44,635 - INFO - Denormalizing generated sequence before inverse PCA transform
2025-11-19 01:44:47,614 - INFO - 
Model Comparison:
2025-11-19 01:44:47,621 - INFO - 
                       LSTM-GAN
MSE                    0.249798
MAE                    0.249798
Wasserstein            0.401317
KL Divergence          7.770887
JS Divergence          0.388474
ACF MSE                0.142033
Cross-Correlation MSE  0.032801
Volatility ACF MSE     0.014835
