2025-11-20 09:16:32,839 - INFO - Logging initialized. Log file: C:\Mini_Project\output\20251119\logs\run_20251120_091632.log
2025-11-20 09:16:32,839 - INFO - Random seed: 1
2025-11-20 09:16:33,705 - INFO - Unified grid: 9 relative strikes, 7 time points
2025-11-20 09:16:46,478 - INFO - Loaded 2514 dates of implied volatilities data (date range: 2015-10-31 to 2025-10-31). Shape: (2514, 9, 7)
2025-11-20 09:16:46,493 - INFO - Applying PCA to log-implied volatilities series
2025-11-20 09:16:46,497 - INFO - Removing 6072 NaN values using Nadaraya-Watson smoothing
2025-11-20 09:16:48,111 - INFO - Nadaraya-Watson smoothing complete. Removed 6072 NaN values. Remaining NaN count: 0
2025-11-20 09:16:48,129 - INFO - Flattened Log-implied volatility series, shape is now: (2514, 63)
2025-11-20 09:16:48,129 - INFO - PCA explained variance: [0.80646158 0.06293389 0.05666655 0.01777199 0.01176426]
2025-11-20 09:16:48,129 - INFO - Cumulative explained variance: [0.80646158 0.86939548 0.92606202 0.94383401 0.95559827]
2025-11-20 09:16:53,475 - INFO - PCA model saved to C:\Mini_Project\output\20251119\data\pca_reducer.pkl
2025-11-20 09:16:53,477 - INFO - Preparing training data with sequence length 1000...
2025-11-20 09:16:53,510 - INFO - Training data shape: (1211, 1000, 5), Validation data shape: (303, 1000, 5)
2025-11-20 09:16:53,510 - INFO - Normalizing training and validation data...
2025-11-20 09:16:53,862 - INFO - Normalization complete. Training data mean: 0.0000, std: 1.0000
2025-11-20 09:16:53,862 - INFO - Target data mean: -0.0000, std: 1.0000
2025-11-20 09:16:53,862 - INFO - Saved scalers to C:\Mini_Project\output\20251119\data
2025-11-20 09:16:53,976 - INFO - Created training dataset with 1211 sequences
2025-11-20 09:16:53,976 - INFO - Created validation dataset with 303 sequences
2025-11-20 09:16:53,976 - INFO - ================================================================================
2025-11-20 09:16:53,976 - INFO - MODEL TRAINING PARAMETERS
2025-11-20 09:16:53,976 - INFO - ================================================================================
2025-11-20 09:16:53,976 - INFO - Data Parameters:
2025-11-20 09:16:53,976 - INFO -   Ticker: ^NDX
2025-11-20 09:16:53,976 - INFO -   Date Range: 2015-10-31 to 2025-10-31
2025-11-20 09:16:53,976 - INFO -   Number of Years: 10
2025-11-20 09:16:53,976 - INFO -   Strikes (relative): [0.8, 0.85, 0.9, 0.95, 1.0, 1.05, 1.1, 1.15, 1.2]
2025-11-20 09:16:53,976 - INFO -   Maturities (days): [30, 60, 90, 120, 150, 180, 360]
2025-11-20 09:16:53,976 - INFO - 
2025-11-20 09:16:53,976 - INFO - PCA Parameters:
2025-11-20 09:16:53,976 - INFO -   Number of Components: 5
2025-11-20 09:16:53,976 - INFO - 
2025-11-20 09:16:53,976 - INFO - Data Preparation Parameters:
2025-11-20 09:16:53,976 - INFO -   Sequence Length: 1000
2025-11-20 09:16:53,983 - INFO -   Batch Size: 128
2025-11-20 09:16:53,983 - INFO -   Train/Validation Split: 80.00%
2025-11-20 09:16:53,983 - INFO - 
2025-11-20 09:16:53,983 - INFO - GAN Training Hyperparameters:
2025-11-20 09:16:53,983 - INFO -   Noise Dimension: 16
2025-11-20 09:16:53,985 - INFO -   Epochs: 100
2025-11-20 09:16:53,985 - INFO -   Generator Learning Rate: 2e-05
2025-11-20 09:16:53,985 - INFO -   Discriminator Learning Rate: 0.0001
2025-11-20 09:16:53,985 - INFO -   Beta Parameter (Adam): 0.5
2025-11-20 09:16:53,985 - INFO -   Generator Dropout Rate: 0.2
2025-11-20 09:16:53,985 - INFO -   Discriminator Dropout Rate: 0.3
2025-11-20 09:16:53,985 - INFO -   Feature Matching Weight: 5.0
2025-11-20 09:16:53,985 - INFO -   Statistical Loss Weight: 2.0
2025-11-20 09:16:53,985 - INFO -   L2 Loss Weight: 1.0
2025-11-20 09:16:53,985 - INFO - 
2025-11-20 09:16:53,985 - INFO - Generation Parameters:
2025-11-20 09:16:53,985 - INFO -   Generation Length: 1000
2025-11-20 09:16:53,985 - INFO -   Generation Seed: 20
2025-11-20 09:16:53,985 - INFO - 
2025-11-20 09:16:53,985 - INFO - Model Dimensions:
2025-11-20 09:16:53,985 - INFO -   State Dimension: (None, 1000, 5)
2025-11-20 09:16:53,985 - INFO -   Noise Dimension: 16
2025-11-20 09:16:53,991 - INFO -   Output Dimension: 5
2025-11-20 09:16:53,991 - INFO - ================================================================================
2025-11-20 09:16:53,992 - INFO - 
2025-11-20 09:16:53,993 - INFO - LSTM-GAN Model Architecture:
2025-11-20 09:16:53,993 - INFO -   Generator Units: [64, 128]
2025-11-20 09:16:53,993 - INFO -   Discriminator Units: [128, 64]
2025-11-20 09:16:53,993 - INFO -   Generator Dropout: 0.2
2025-11-20 09:16:53,993 - INFO -   Discriminator Dropout: 0.3
2025-11-20 09:16:53,993 - INFO -   Feature Matching Weight: 5.0
2025-11-20 09:16:53,993 - INFO -   Statistical Loss Weight: 2.0
2025-11-20 09:16:53,995 - INFO -   L2 Loss Weight: 1.0
2025-11-20 09:16:53,995 - INFO -   Use PCA: True
2025-11-20 09:16:53,995 - INFO -   PCA Components: 5
2025-11-20 09:16:53,995 - INFO -   Random Seed: 1
2025-11-20 09:16:53,995 - INFO - 
2025-11-20 09:16:53,995 - INFO - Training LSTM-GAN model with 100 epochs
