2025-11-19 02:19:25,634 - INFO - Logging initialized. Log file: C:\Mini_Project\output\20251119\logs\run_20251119_021925.log
2025-11-19 02:19:25,999 - INFO - Unified grid: 9 relative strikes, 7 time points
2025-11-19 02:19:35,763 - INFO - Loaded 2514 dates of implied volatilities data (date range: 2015-10-31 to 2025-10-31). Shape: (2514, 9, 7)
2025-11-19 02:19:35,767 - INFO - Applying PCA to log-implied volatilities series
2025-11-19 02:19:35,770 - INFO - Removing 6072 NaN values using Nadaraya-Watson smoothing
2025-11-19 02:19:37,104 - INFO - Nadaraya-Watson smoothing complete. Removed 6072 NaN values. Remaining NaN count: 0
2025-11-19 02:19:37,107 - INFO - Flattened Log-implied volatility series, shape is now: (2514, 63)
2025-11-19 02:19:37,112 - INFO - PCA explained variance: [0.80646158 0.06293389 0.05666655 0.01777199 0.01176426]
2025-11-19 02:19:37,113 - INFO - Cumulative explained variance: [0.80646158 0.86939548 0.92606202 0.94383401 0.95559827]
2025-11-19 02:19:39,225 - INFO - PCA model saved to C:\Mini_Project\output\20251119\data\pca_reducer.pkl
2025-11-19 02:19:39,226 - INFO - Preparing training data with sequence length 1000...
2025-11-19 02:19:39,260 - INFO - Normalizing training and validation data...
2025-11-19 02:19:39,575 - INFO - Normalization complete. Training data mean: 0.0000, std: 1.0000
2025-11-19 02:19:39,575 - INFO - Target data mean: -0.0000, std: 1.0000
2025-11-19 02:19:39,578 - INFO - Saved scalers to C:\Mini_Project\output\20251119\data
2025-11-19 02:19:39,681 - INFO - Created training dataset with 1286 sequences
2025-11-19 02:19:39,682 - INFO - Created validation dataset with 228 sequences
2025-11-19 02:19:39,682 - INFO - Training LSTM-GAN model with 10 epochs
2025-11-19 02:20:35,248 - WARNING - You are saving your model as an HDF5 file via `model.save()` or `keras.saving.save_model(model)`. This file format is considered legacy. We recommend using instead the native Keras format, e.g. `model.save('my_model.keras')` or `keras.saving.save_model(model, 'my_model.keras')`. 
2025-11-19 02:20:35,280 - WARNING - You are saving your model as an HDF5 file via `model.save()` or `keras.saving.save_model(model)`. This file format is considered legacy. We recommend using instead the native Keras format, e.g. `model.save('my_model.keras')` or `keras.saving.save_model(model, 'my_model.keras')`. 
2025-11-19 02:20:35,307 - INFO - LSTM-GAN model saved to C:\Mini_Project\output\20251119\data\lstm_gan_model
2025-11-19 02:20:35,983 - INFO - Saved GAN loss plot to C:\Mini_Project\output\20251119\data\plots\lstm_gan_losses.png
2025-11-19 02:20:36,466 - INFO - Saved combined GAN loss plot to C:\Mini_Project\output\20251119\data\plots\lstm_gan_losses_combined.png
2025-11-19 02:20:36,467 - INFO - Generating synthetic data and evaluating models
2025-11-19 02:20:36,470 - INFO - Loaded scalers for denormalization
2025-11-19 02:20:36,470 - INFO - Generating and evaluating LSTM-GAN...
2025-11-19 02:20:49,502 - INFO - Denormalizing generated sequence before inverse PCA transform
2025-11-19 02:20:55,560 - INFO - 
Model Comparison:
2025-11-19 02:20:55,567 - INFO - 
                       LSTM-GAN
MSE                    0.486578
MAE                    0.486578
Wasserstein            0.434849
KL Divergence          0.796040
JS Divergence          0.208117
ACF MSE                0.166019
Cross-Correlation MSE  0.035627
Volatility ACF MSE     0.013309
