2025-11-20 23:27:11,239 - INFO - Logging initialized. Log file: C:\Mini_Project\output\20251119\logs\run_20251120_232711.log
2025-11-20 23:27:11,239 - INFO - Random seed: 10
2025-11-20 23:27:11,239 - INFO - ================================================================================
2025-11-20 23:27:11,252 - INFO - HYPERPARAMETERS FOR THIS RUN
2025-11-20 23:27:11,252 - INFO - ================================================================================
2025-11-20 23:27:11,252 - INFO - Data Parameters:
2025-11-20 23:27:11,252 - INFO -   TICKER: ^NDX
2025-11-20 23:27:11,252 - INFO -   START_DATE: 2015-10-31
2025-11-20 23:27:11,252 - INFO -   END_DATE: 2025-10-31
2025-11-20 23:27:11,252 - INFO -   N_YEARS: 10
2025-11-20 23:27:11,252 - INFO -   STRIKES: [0.8, 0.85, 0.9, 0.95, 1.0, 1.05, 1.1, 1.15, 1.2]
2025-11-20 23:27:11,252 - INFO -   MATURITIES: [30, 60, 90, 120, 150, 180, 360]
2025-11-20 23:27:11,252 - INFO - 
2025-11-20 23:27:11,252 - INFO - PCA Parameters:
2025-11-20 23:27:11,252 - INFO -   N_COMPONENTS: 5
2025-11-20 23:27:11,252 - INFO - 
2025-11-20 23:27:11,252 - INFO - Data Preparation Parameters:
2025-11-20 23:27:11,252 - INFO -   SEQUENCE_LENGTH: 1000
2025-11-20 23:27:11,252 - INFO -   BATCH_SIZE: 64
2025-11-20 23:27:11,252 - INFO -   TRAIN_RATIO: 0.85
2025-11-20 23:27:11,252 - INFO - 
2025-11-20 23:27:11,252 - INFO - GAN Training Parameters:
2025-11-20 23:27:11,252 - INFO -   NOISE_DIM: 64
2025-11-20 23:27:11,252 - INFO -   EPOCHS: 75
2025-11-20 23:27:11,255 - INFO -   LEARNING_RATE_GEN: 5e-05
2025-11-20 23:27:11,256 - INFO -   LEARNING_RATE_DES: 0.0003
2025-11-20 23:27:11,258 - INFO -   BETA_PARAM: 0.3
2025-11-20 23:27:11,258 - INFO -   GEN_GRAD_CLIP: 0.5
2025-11-20 23:27:11,258 - INFO -   DISC_GRAD_CLIP: 1.0
2025-11-20 23:27:11,261 - INFO -   RANDOM_SEED: 10
2025-11-20 23:27:11,261 - INFO - 
2025-11-20 23:27:11,262 - INFO - Generation Parameters:
2025-11-20 23:27:11,262 - INFO -   GENERATE_LENGTH: 252
2025-11-20 23:27:11,262 - INFO - 
2025-11-20 23:27:11,262 - INFO - Model Training Flags:
2025-11-20 23:27:11,262 - INFO -   TRAIN_LSTM_GAN: True
2025-11-20 23:27:11,262 - INFO -   TRAIN_TCN_GAN: False
2025-11-20 23:27:11,262 - INFO - ================================================================================
2025-11-20 23:27:11,262 - INFO - 
2025-11-20 23:27:11,928 - INFO - Unified grid: 9 relative strikes, 7 time points
2025-11-20 23:27:18,799 - INFO - Loaded 2514 dates of implied volatilities data (date range: 2015-10-31 to 2025-10-31). Shape: (2514, 9, 7)
2025-11-20 23:27:18,803 - INFO - Applying PCA to log-implied volatilities series
2025-11-20 23:27:18,805 - INFO - Removing 6072 NaN values using Nadaraya-Watson smoothing
2025-11-20 23:27:19,762 - INFO - Nadaraya-Watson smoothing complete. Removed 6072 NaN values. Remaining NaN count: 0
2025-11-20 23:27:19,763 - INFO - Flattened Log-implied volatility series, shape is now: (2514, 63)
2025-11-20 23:27:19,766 - INFO - PCA explained variance: [0.80646158 0.06293389 0.05666655 0.01777199 0.01176426]
2025-11-20 23:27:19,767 - INFO - Cumulative explained variance: [0.80646158 0.86939548 0.92606202 0.94383401 0.95559827]
2025-11-20 23:27:23,110 - INFO - PCA model saved to C:\Mini_Project\output\20251119\data\pca_reducer.pkl
2025-11-20 23:27:23,110 - INFO - Preparing training data with sequence length 1000...
2025-11-20 23:27:23,129 - INFO - Normalizing training and validation data...
2025-11-20 23:27:23,331 - INFO - Normalization complete. Training data mean: 0.0000, std: 1.0000
2025-11-20 23:27:23,331 - INFO - Target data mean: -0.0000, std: 1.0000
2025-11-20 23:27:23,331 - INFO - Saved scalers to C:\Mini_Project\output\20251119\data
2025-11-20 23:27:23,401 - INFO - Created training dataset with 1286 sequences
2025-11-20 23:27:23,401 - INFO - Created validation dataset with 228 sequences
2025-11-20 23:27:23,402 - INFO - 
2025-11-20 23:27:23,402 - INFO - ================================================================================
2025-11-20 23:27:23,402 - INFO - LSTM-GAN MODEL CONFIGURATION
2025-11-20 23:27:23,402 - INFO - ================================================================================
2025-11-20 23:27:23,403 - INFO - Training LSTM-GAN model with 75 epochs
2025-11-20 23:27:23,403 - INFO - 
2025-11-20 23:27:23,404 - INFO - Model Architecture:
2025-11-20 23:27:23,404 - INFO -   state_dim: (None, 1000, 5)
2025-11-20 23:27:23,404 - INFO -   noise_dim: 64
2025-11-20 23:27:23,404 - INFO -   output_dim: 5
2025-11-20 23:27:23,404 - INFO -   generator_units: [64, 128]
2025-11-20 23:27:23,405 - INFO -   discriminator_units: [128, 64]
2025-11-20 23:27:23,405 - INFO -   use_pca: True
2025-11-20 23:27:23,405 - INFO -   n_pca_components: 5
2025-11-20 23:27:23,405 - INFO - 
2025-11-20 23:27:23,405 - INFO - Training Hyperparameters:
2025-11-20 23:27:23,406 - INFO -   Learning Rate (Generator): 5e-05
2025-11-20 23:27:23,406 - INFO -   Learning Rate (Discriminator): 0.0003
2025-11-20 23:27:23,406 - INFO -   Beta (Adam optimizer): 0.3
2025-11-20 23:27:23,406 - INFO -   Generator Gradient Clipping: 0.5
2025-11-20 23:27:23,406 - INFO -   Discriminator Gradient Clipping: 1.0
2025-11-20 23:27:23,406 - INFO -   Random Seed: 10
2025-11-20 23:27:23,407 - INFO - ================================================================================
2025-11-20 23:27:23,407 - INFO - 
