2025-11-19 01:09:42,729 - INFO - Logging initialized. Log file: C:\Mini_Project\output\20251119\logs\run_20251119_010942.log
2025-11-19 01:09:42,996 - INFO - Unified grid: 9 relative strikes, 7 time points
2025-11-19 01:09:50,075 - INFO - Loaded 2514 dates of implied volatilities data (date range: 2015-10-31 to 2025-10-31). Shape: (2514, 9, 7)
2025-11-19 01:09:50,080 - INFO - Applying PCA to log-implied volatilities series
2025-11-19 01:09:50,081 - INFO - Removing 6072 NaN values using Nadaraya-Watson smoothing
2025-11-19 01:09:51,060 - INFO - Nadaraya-Watson smoothing complete. Removed 6072 NaN values. Remaining NaN count: 0
2025-11-19 01:09:51,062 - INFO - Flattened Log-implied volatility series, shape is now: (2514, 63)
2025-11-19 01:09:51,065 - INFO - PCA explained variance: [0.80646158 0.06293389 0.05666655 0.01777199 0.01176426]
2025-11-19 01:09:51,065 - INFO - Cumulative explained variance: [0.80646158 0.86939548 0.92606202 0.94383401 0.95559827]
2025-11-19 01:09:52,556 - INFO - PCA model saved to C:\Mini_Project\output\20251119\data\pca_reducer.pkl
2025-11-19 01:09:52,557 - INFO - Preparing training data with sequence length 100...
2025-11-19 01:09:52,561 - INFO - Normalizing training and validation data...
2025-11-19 01:09:52,589 - INFO - Normalization complete. Training data mean: -0.0000, std: 1.0000
2025-11-19 01:09:52,591 - INFO - Target data mean: -0.0000, std: 1.0000
2025-11-19 01:09:52,594 - INFO - Saved scalers to C:\Mini_Project\output\20251119\data
2025-11-19 01:09:52,644 - INFO - Created training dataset with 2051 sequences
2025-11-19 01:09:52,644 - INFO - Created validation dataset with 363 sequences
2025-11-19 01:09:52,645 - INFO - Training LSTM-GAN model with 10 epochs
2025-11-19 01:10:44,135 - WARNING - You are saving your model as an HDF5 file via `model.save()` or `keras.saving.save_model(model)`. This file format is considered legacy. We recommend using instead the native Keras format, e.g. `model.save('my_model.keras')` or `keras.saving.save_model(model, 'my_model.keras')`. 
2025-11-19 01:10:44,156 - WARNING - You are saving your model as an HDF5 file via `model.save()` or `keras.saving.save_model(model)`. This file format is considered legacy. We recommend using instead the native Keras format, e.g. `model.save('my_model.keras')` or `keras.saving.save_model(model, 'my_model.keras')`. 
2025-11-19 01:10:44,170 - INFO - LSTM-GAN model saved to C:\Mini_Project\output\20251119\data\lstm_gan_model
2025-11-19 01:10:44,569 - INFO - Saved GAN loss plot to C:\Mini_Project\output\20251119\data\plots\lstm_gan_losses.png
2025-11-19 01:10:44,837 - INFO - Saved combined GAN loss plot to C:\Mini_Project\output\20251119\data\plots\lstm_gan_losses_combined.png
2025-11-19 01:10:44,838 - INFO - Training TCN-GAN model with 10 epochs
2025-11-19 01:10:45,411 - WARNING - From C:\Mini_Project\.venv\Lib\site-packages\keras\src\backend\tensorflow\core.py:232: The name tf.placeholder is deprecated. Please use tf.compat.v1.placeholder instead.

2025-11-19 01:16:26,538 - WARNING - You are saving your model as an HDF5 file via `model.save()` or `keras.saving.save_model(model)`. This file format is considered legacy. We recommend using instead the native Keras format, e.g. `model.save('my_model.keras')` or `keras.saving.save_model(model, 'my_model.keras')`. 
2025-11-19 01:16:26,596 - WARNING - You are saving your model as an HDF5 file via `model.save()` or `keras.saving.save_model(model)`. This file format is considered legacy. We recommend using instead the native Keras format, e.g. `model.save('my_model.keras')` or `keras.saving.save_model(model, 'my_model.keras')`. 
2025-11-19 01:16:26,628 - INFO - TCN-GAN model saved to C:\Mini_Project\output\20251119\data\tcn_gan_model
2025-11-19 01:16:27,120 - INFO - Saved GAN loss plot to C:\Mini_Project\output\20251119\data\plots\tcn_gan_losses.png
2025-11-19 01:16:27,483 - INFO - Saved combined GAN loss plot to C:\Mini_Project\output\20251119\data\plots\tcn_gan_losses_combined.png
2025-11-19 01:16:27,605 - INFO - Generating synthetic data and evaluating models
2025-11-19 01:16:27,606 - INFO - Loaded scalers for denormalization
2025-11-19 01:16:27,607 - INFO - Generating and evaluating LSTM-GAN...
2025-11-19 01:16:35,522 - INFO - Denormalizing generated sequence before inverse PCA transform
2025-11-19 01:16:38,660 - INFO - Generating and evaluating TCN-GAN...
2025-11-19 01:16:46,515 - INFO - Denormalizing generated sequence before inverse PCA transform
2025-11-19 01:16:50,137 - INFO - 
Model Comparison:
2025-11-19 01:16:50,148 - INFO - 
                       LSTM-GAN       TCN-GAN
MSE                    0.301726  2.152728e+08
MAE                    0.301726  2.152728e+08
Wasserstein            0.298481  4.398803e+03
KL Divergence          0.534917  3.583173e-01
JS Divergence          0.143606  1.177593e-01
ACF MSE                0.392929  5.856763e-02
Cross-Correlation MSE  0.039906  1.340292e+00
Volatility ACF MSE     0.024950  2.348793e-02
