2025-11-19 02:07:45,715 - INFO - Logging initialized. Log file: C:\Mini_Project\output\20251119\logs\run_20251119_020745.log
2025-11-19 02:07:46,071 - INFO - Unified grid: 9 relative strikes, 7 time points
2025-11-19 02:07:59,297 - INFO - Loaded 2514 dates of implied volatilities data (date range: 2015-10-31 to 2025-10-31). Shape: (2514, 9, 7)
2025-11-19 02:07:59,304 - INFO - Applying PCA to log-implied volatilities series
2025-11-19 02:07:59,307 - INFO - Removing 6072 NaN values using Nadaraya-Watson smoothing
2025-11-19 02:08:01,589 - INFO - Nadaraya-Watson smoothing complete. Removed 6072 NaN values. Remaining NaN count: 0
2025-11-19 02:08:01,593 - INFO - Flattened Log-implied volatility series, shape is now: (2514, 63)
2025-11-19 02:08:01,600 - INFO - PCA explained variance: [0.80646158 0.06293389 0.05666655 0.01777199 0.01176426]
2025-11-19 02:08:01,601 - INFO - Cumulative explained variance: [0.80646158 0.86939548 0.92606202 0.94383401 0.95559827]
2025-11-19 02:08:04,807 - INFO - PCA model saved to C:\Mini_Project\output\20251119\data\pca_reducer.pkl
2025-11-19 02:08:04,808 - INFO - Preparing training data with sequence length 1000...
2025-11-19 02:08:04,838 - INFO - Normalizing training and validation data...
2025-11-19 02:08:05,179 - INFO - Normalization complete. Training data mean: 0.0000, std: 1.0000
2025-11-19 02:08:05,180 - INFO - Target data mean: -0.0000, std: 1.0000
2025-11-19 02:08:05,182 - INFO - Saved scalers to C:\Mini_Project\output\20251119\data
2025-11-19 02:08:05,286 - INFO - Created training dataset with 1286 sequences
2025-11-19 02:08:05,287 - INFO - Created validation dataset with 228 sequences
2025-11-19 02:08:05,287 - INFO - Training LSTM-GAN model with 20 epochs
2025-11-19 02:10:21,244 - WARNING - You are saving your model as an HDF5 file via `model.save()` or `keras.saving.save_model(model)`. This file format is considered legacy. We recommend using instead the native Keras format, e.g. `model.save('my_model.keras')` or `keras.saving.save_model(model, 'my_model.keras')`. 
2025-11-19 02:10:21,275 - WARNING - You are saving your model as an HDF5 file via `model.save()` or `keras.saving.save_model(model)`. This file format is considered legacy. We recommend using instead the native Keras format, e.g. `model.save('my_model.keras')` or `keras.saving.save_model(model, 'my_model.keras')`. 
2025-11-19 02:10:21,304 - INFO - LSTM-GAN model saved to C:\Mini_Project\output\20251119\data\lstm_gan_model
2025-11-19 02:10:21,960 - INFO - Saved GAN loss plot to C:\Mini_Project\output\20251119\data\plots\lstm_gan_losses.png
2025-11-19 02:10:22,436 - INFO - Saved combined GAN loss plot to C:\Mini_Project\output\20251119\data\plots\lstm_gan_losses_combined.png
2025-11-19 02:10:22,436 - INFO - Generating synthetic data and evaluating models
2025-11-19 02:10:22,438 - INFO - Loaded scalers for denormalization
2025-11-19 02:10:22,438 - INFO - Generating and evaluating LSTM-GAN...
2025-11-19 02:10:33,871 - INFO - Denormalizing generated sequence before inverse PCA transform
2025-11-19 02:10:38,983 - INFO - 
Model Comparison:
2025-11-19 02:10:38,990 - INFO - 
                       LSTM-GAN
MSE                    0.388161
MAE                    0.388161
Wasserstein            0.342691
KL Divergence          0.608927
JS Divergence          0.170363
ACF MSE                0.040707
Cross-Correlation MSE  0.059991
Volatility ACF MSE     0.021193
