2025-11-19 18:32:10,377 - INFO - Logging initialized. Log file: C:\Mini_Project\output\20251119\logs\run_20251119_183210.log
2025-11-19 18:32:10,377 - INFO - Random seed: 1
2025-11-19 18:32:10,635 - INFO - Unified grid: 9 relative strikes, 7 time points
2025-11-19 18:32:18,019 - INFO - Loaded 2514 dates of implied volatilities data (date range: 2015-10-31 to 2025-10-31). Shape: (2514, 9, 7)
2025-11-19 18:32:18,024 - INFO - Applying PCA to log-implied volatilities series
2025-11-19 18:32:18,024 - INFO - Removing 6072 NaN values using Nadaraya-Watson smoothing
2025-11-19 18:32:19,075 - INFO - Nadaraya-Watson smoothing complete. Removed 6072 NaN values. Remaining NaN count: 0
2025-11-19 18:32:19,075 - INFO - Flattened Log-implied volatility series, shape is now: (2514, 63)
2025-11-19 18:32:19,091 - INFO - PCA explained variance: [0.80646158 0.06293389 0.05666655 0.01777199 0.01176426]
2025-11-19 18:32:19,091 - INFO - Cumulative explained variance: [0.80646158 0.86939548 0.92606202 0.94383401 0.95559827]
2025-11-19 18:32:22,257 - INFO - PCA model saved to C:\Mini_Project\output\20251119\data\pca_reducer.pkl
2025-11-19 18:32:22,258 - INFO - Preparing training data with sequence length 1000...
2025-11-19 18:32:22,275 - INFO - Training data shape: (1286, 1000, 5), Validation data shape: (228, 1000, 5)
2025-11-19 18:32:22,276 - INFO - Normalizing training and validation data...
2025-11-19 18:32:22,439 - INFO - Normalization complete. Training data mean: 0.0000, std: 1.0000
2025-11-19 18:32:22,439 - INFO - Target data mean: -0.0000, std: 1.0000
2025-11-19 18:32:22,439 - INFO - Saved scalers to C:\Mini_Project\output\20251119\data
2025-11-19 18:32:22,501 - INFO - Created training dataset with 1286 sequences
2025-11-19 18:32:22,501 - INFO - Created validation dataset with 228 sequences
2025-11-19 18:32:22,502 - INFO - Training LSTM-GAN model with 20 epochs
2025-11-19 18:33:06,004 - WARNING - You are saving your model as an HDF5 file via `model.save()` or `keras.saving.save_model(model)`. This file format is considered legacy. We recommend using instead the native Keras format, e.g. `model.save('my_model.keras')` or `keras.saving.save_model(model, 'my_model.keras')`. 
2025-11-19 18:33:06,020 - WARNING - You are saving your model as an HDF5 file via `model.save()` or `keras.saving.save_model(model)`. This file format is considered legacy. We recommend using instead the native Keras format, e.g. `model.save('my_model.keras')` or `keras.saving.save_model(model, 'my_model.keras')`. 
2025-11-19 18:33:06,035 - INFO - LSTM-GAN model saved to C:\Mini_Project\output\20251119\data\lstm_gan_model
2025-11-19 18:33:06,571 - INFO - Saved GAN loss plot to C:\Mini_Project\output\20251119\data\plots\lstm_gan_losses.png
2025-11-19 18:33:06,873 - INFO - Saved combined GAN loss plot to C:\Mini_Project\output\20251119\data\plots\lstm_gan_losses_combined.png
2025-11-19 18:33:06,873 - INFO - Generating synthetic data and evaluating models
2025-11-19 18:33:06,873 - INFO - Loaded scalers for denormalization
2025-11-19 18:33:06,873 - INFO - Generating and evaluating LSTM-GAN...
2025-11-19 18:33:15,044 - INFO - Denormalizing generated sequence before inverse PCA transform
2025-11-19 18:33:18,444 - INFO - 
Model Comparison:
2025-11-19 18:33:18,457 - INFO - 
                        LSTM-GAN
MSE                     0.258875
MAE                     0.258875
Wasserstein             0.426981
KL Divergence          12.267820
JS Divergence           0.427428
ACF MSE                 0.054798
Cross-Correlation MSE   0.036712
Volatility ACF MSE      0.016563
2025-11-19 18:33:18,461 - INFO - Saving real and generated data, and converting to IVs and prices...
2025-11-19 18:33:18,468 - INFO - Loaded underlying prices for 100 dates
2025-11-19 18:33:18,527 - INFO - Loaded 100 risk-free rates from EFFR for validation dates
2025-11-19 18:33:18,527 - INFO - Using 100 risk-free rates (one per date) for price conversion
2025-11-19 18:33:18,527 - INFO - Saved real log-IV data to C:\Mini_Project\output\20251119\data\real_data/log_implied_vols.csv
2025-11-19 18:33:18,544 - INFO - Saved real IV data to C:\Mini_Project\output\20251119\data\real_data/implied_vols.csv
2025-11-19 18:33:19,044 - INFO - Saved real option prices to C:\Mini_Project\output\20251119\data\real_data/option_prices.csv
2025-11-19 18:33:19,060 - INFO - Saved LSTM-GAN generated log-IV data to C:\Mini_Project\output\20251119\data\generated_data\lstm_gan/log_implied_vols.csv
2025-11-19 18:33:19,069 - INFO - Saved LSTM-GAN generated IV data to C:\Mini_Project\output\20251119\data\generated_data\lstm_gan/implied_vols.csv
2025-11-19 18:33:19,628 - INFO - Saved LSTM-GAN generated option prices to C:\Mini_Project\output\20251119\data\generated_data\lstm_gan/option_prices.csv
2025-11-19 18:33:19,628 - INFO - Finished saving all data and converting to IVs and prices.
