2025-11-20 22:38:34,122 - INFO - Logging initialized. Log file: C:\Mini_Project\output\20251119\logs\run_20251120_223834.log
2025-11-20 22:38:34,132 - INFO - Random seed: 10
2025-11-20 22:38:34,132 - INFO - ================================================================================
2025-11-20 22:38:34,132 - INFO - HYPERPARAMETERS FOR THIS RUN
2025-11-20 22:38:34,132 - INFO - ================================================================================
2025-11-20 22:38:34,132 - INFO - Data Parameters:
2025-11-20 22:38:34,132 - INFO -   TICKER: ^NDX
2025-11-20 22:38:34,132 - INFO -   START_DATE: 2015-10-31
2025-11-20 22:38:34,132 - INFO -   END_DATE: 2025-10-31
2025-11-20 22:38:34,132 - INFO -   N_YEARS: 10
2025-11-20 22:38:34,132 - INFO -   STRIKES: [0.8, 0.85, 0.9, 0.95, 1.0, 1.05, 1.1, 1.15, 1.2]
2025-11-20 22:38:34,132 - INFO -   MATURITIES: [30, 60, 90, 120, 150, 180, 360]
2025-11-20 22:38:34,132 - INFO - 
2025-11-20 22:38:34,132 - INFO - PCA Parameters:
2025-11-20 22:38:34,132 - INFO -   N_COMPONENTS: 5
2025-11-20 22:38:34,132 - INFO - 
2025-11-20 22:38:34,132 - INFO - Data Preparation Parameters:
2025-11-20 22:38:34,132 - INFO -   SEQUENCE_LENGTH: 1000
2025-11-20 22:38:34,132 - INFO -   BATCH_SIZE: 64
2025-11-20 22:38:34,132 - INFO -   TRAIN_RATIO: 0.85
2025-11-20 22:38:34,132 - INFO - 
2025-11-20 22:38:34,132 - INFO - GAN Training Parameters:
2025-11-20 22:38:34,132 - INFO -   NOISE_DIM: 32
2025-11-20 22:38:34,132 - INFO -   EPOCHS: 25
2025-11-20 22:38:34,132 - INFO -   LEARNING_RATE_GEN: 5e-05
2025-11-20 22:38:34,132 - INFO -   LEARNING_RATE_DES: 0.0001
2025-11-20 22:38:34,132 - INFO -   BETA_PARAM: 0.3
2025-11-20 22:38:34,132 - INFO -   GEN_GRAD_CLIP: 0.5
2025-11-20 22:38:34,132 - INFO -   DISC_GRAD_CLIP: 1.0
2025-11-20 22:38:34,132 - INFO -   RANDOM_SEED: 10
2025-11-20 22:38:34,132 - INFO - 
2025-11-20 22:38:34,132 - INFO - Generation Parameters:
2025-11-20 22:38:34,132 - INFO -   GENERATE_LENGTH: 252
2025-11-20 22:38:34,132 - INFO - 
2025-11-20 22:38:34,132 - INFO - Model Training Flags:
2025-11-20 22:38:34,132 - INFO -   TRAIN_LSTM_GAN: True
2025-11-20 22:38:34,132 - INFO -   TRAIN_TCN_GAN: False
2025-11-20 22:38:34,132 - INFO - ================================================================================
2025-11-20 22:38:34,132 - INFO - 
2025-11-20 22:38:34,345 - INFO - Unified grid: 9 relative strikes, 7 time points
2025-11-20 22:38:41,425 - INFO - Loaded 2514 dates of implied volatilities data (date range: 2015-10-31 to 2025-10-31). Shape: (2514, 9, 7)
2025-11-20 22:38:41,429 - INFO - Applying PCA to log-implied volatilities series
2025-11-20 22:38:41,429 - INFO - Removing 6072 NaN values using Nadaraya-Watson smoothing
2025-11-20 22:38:42,560 - INFO - Nadaraya-Watson smoothing complete. Removed 6072 NaN values. Remaining NaN count: 0
2025-11-20 22:38:42,560 - INFO - Flattened Log-implied volatility series, shape is now: (2514, 63)
2025-11-20 22:38:42,560 - INFO - PCA explained variance: [0.80646158 0.06293389 0.05666655 0.01777199 0.01176426]
2025-11-20 22:38:42,560 - INFO - Cumulative explained variance: [0.80646158 0.86939548 0.92606202 0.94383401 0.95559827]
2025-11-20 22:38:43,979 - INFO - PCA model saved to C:\Mini_Project\output\20251119\data\pca_reducer.pkl
2025-11-20 22:38:43,988 - INFO - Preparing training data with sequence length 1000...
2025-11-20 22:38:44,007 - INFO - Normalizing training and validation data...
2025-11-20 22:38:44,165 - INFO - Normalization complete. Training data mean: 0.0000, std: 1.0000
2025-11-20 22:38:44,165 - INFO - Target data mean: -0.0000, std: 1.0000
2025-11-20 22:38:44,167 - INFO - Saved scalers to C:\Mini_Project\output\20251119\data
2025-11-20 22:38:44,224 - INFO - Created training dataset with 1286 sequences
2025-11-20 22:38:44,224 - INFO - Created validation dataset with 228 sequences
2025-11-20 22:38:44,224 - INFO - 
2025-11-20 22:38:44,224 - INFO - ================================================================================
2025-11-20 22:38:44,225 - INFO - LSTM-GAN MODEL CONFIGURATION
2025-11-20 22:38:44,225 - INFO - ================================================================================
2025-11-20 22:38:44,225 - INFO - Training LSTM-GAN model with 25 epochs
2025-11-20 22:38:44,225 - INFO - 
2025-11-20 22:38:44,225 - INFO - Model Architecture:
2025-11-20 22:38:44,225 - INFO -   state_dim: (None, 1000, 5)
2025-11-20 22:38:44,226 - INFO -   noise_dim: 32
2025-11-20 22:38:44,226 - INFO -   output_dim: 5
2025-11-20 22:38:44,226 - INFO -   generator_units: [64, 128]
2025-11-20 22:38:44,226 - INFO -   discriminator_units: [128, 64]
2025-11-20 22:38:44,226 - INFO -   use_pca: True
2025-11-20 22:38:44,226 - INFO -   n_pca_components: 5
2025-11-20 22:38:44,226 - INFO - 
2025-11-20 22:38:44,226 - INFO - Training Hyperparameters:
2025-11-20 22:38:44,226 - INFO -   Learning Rate (Generator): 5e-05
2025-11-20 22:38:44,226 - INFO -   Learning Rate (Discriminator): 0.0001
2025-11-20 22:38:44,227 - INFO -   Beta (Adam optimizer): 0.3
2025-11-20 22:38:44,227 - INFO -   Generator Gradient Clipping: 0.5
2025-11-20 22:38:44,227 - INFO -   Discriminator Gradient Clipping: 1.0
2025-11-20 22:38:44,227 - INFO -   Random Seed: 10
2025-11-20 22:38:44,227 - INFO - ================================================================================
2025-11-20 22:38:44,227 - INFO - 
2025-11-20 22:40:31,294 - WARNING - You are saving your model as an HDF5 file via `model.save()` or `keras.saving.save_model(model)`. This file format is considered legacy. We recommend using instead the native Keras format, e.g. `model.save('my_model.keras')` or `keras.saving.save_model(model, 'my_model.keras')`. 
2025-11-20 22:40:31,308 - WARNING - You are saving your model as an HDF5 file via `model.save()` or `keras.saving.save_model(model)`. This file format is considered legacy. We recommend using instead the native Keras format, e.g. `model.save('my_model.keras')` or `keras.saving.save_model(model, 'my_model.keras')`. 
2025-11-20 22:40:31,321 - INFO - LSTM-GAN model saved to C:\Mini_Project\output\20251119\data\lstm_gan_model
2025-11-20 22:40:31,744 - INFO - Saved GAN loss plot to C:\Mini_Project\output\20251119\data\plots\lstm_gan_losses.png
2025-11-20 22:40:32,052 - INFO - Saved combined GAN loss plot to C:\Mini_Project\output\20251119\data\plots\lstm_gan_losses_combined.png
2025-11-20 22:40:32,052 - INFO - Generating synthetic data and evaluating models
2025-11-20 22:40:32,053 - INFO - Loaded scalers for denormalization
2025-11-20 22:40:32,053 - INFO - Generating and evaluating LSTM-GAN...
2025-11-20 22:40:52,530 - INFO - Denormalizing generated sequence before inverse PCA transform
2025-11-20 22:40:55,696 - INFO - 
Model Comparison:
2025-11-20 22:40:55,696 - INFO - 
                       LSTM-GAN
MSE                    0.247747
MAE                    0.247747
Wasserstein            0.231927
KL Divergence          0.607349
JS Divergence          0.143000
ACF MSE                0.044055
Cross-Correlation MSE  0.091550
Volatility ACF MSE     0.007644
2025-11-20 22:40:55,706 - INFO - Saving real and generated data, transforming to IVs, and calculating Black-Scholes prices...
2025-11-20 22:40:55,719 - INFO - Loaded underlying prices for 252 dates
2025-11-20 22:40:55,828 - INFO - Loaded 252 risk-free rates from EFFR for dates
2025-11-20 22:40:55,850 - INFO - Saved real log-IV data to C:\Mini_Project\output\20251119\data\real_data/log_implied_vols.csv
2025-11-20 22:40:55,882 - INFO - Saved real IV data to C:\Mini_Project\output\20251119\data\real_data/implied_vols.csv
2025-11-20 22:40:55,882 - INFO - Verification: Real IVs vs Original IVs - Max difference: 0.000000, Mean difference: 0.000000
2025-11-20 22:40:55,882 - INFO - Real IVs match original IVs (within tolerance)
2025-11-20 22:40:57,289 - INFO - Saved real option prices to C:\Mini_Project\output\20251119\data\real_data/option_prices.csv
2025-11-20 22:40:57,309 - INFO - Saved LSTM-GAN generated log-IV data to C:\Mini_Project\output\20251119\data\generated_data\lstm_gan/log_implied_vols.csv
2025-11-20 22:40:57,323 - INFO - Saved LSTM-GAN generated IV data to C:\Mini_Project\output\20251119\data\generated_data\lstm_gan/implied_vols.csv
2025-11-20 22:40:58,574 - INFO - Saved LSTM-GAN generated option prices to C:\Mini_Project\output\20251119\data\generated_data\lstm_gan/option_prices.csv
2025-11-20 22:40:58,574 - INFO - Finished saving all data and calculating Black-Scholes prices.
