2025-11-19 02:24:18,072 - INFO - Logging initialized. Log file: C:\Mini_Project\output\20251119\logs\run_20251119_022418.log
2025-11-19 02:24:18,430 - INFO - Unified grid: 9 relative strikes, 7 time points
2025-11-19 02:24:30,941 - INFO - Loaded 2514 dates of implied volatilities data (date range: 2015-10-31 to 2025-10-31). Shape: (2514, 9, 7)
2025-11-19 02:24:30,951 - INFO - Applying PCA to log-implied volatilities series
2025-11-19 02:24:30,954 - INFO - Removing 6072 NaN values using Nadaraya-Watson smoothing
2025-11-19 02:24:32,525 - INFO - Nadaraya-Watson smoothing complete. Removed 6072 NaN values. Remaining NaN count: 0
2025-11-19 02:24:32,534 - INFO - Flattened Log-implied volatility series, shape is now: (2514, 63)
2025-11-19 02:24:32,538 - INFO - PCA explained variance: [0.80646158 0.06293389 0.05666655 0.01777199 0.01176426]
2025-11-19 02:24:32,539 - INFO - Cumulative explained variance: [0.80646158 0.86939548 0.92606202 0.94383401 0.95559827]
2025-11-19 02:24:34,577 - INFO - PCA model saved to C:\Mini_Project\output\20251119\data\pca_reducer.pkl
2025-11-19 02:24:34,578 - INFO - Preparing training data with sequence length 1000...
2025-11-19 02:24:34,605 - INFO - Normalizing training and validation data...
2025-11-19 02:24:34,860 - INFO - Normalization complete. Training data mean: 0.0000, std: 1.0000
2025-11-19 02:24:34,861 - INFO - Target data mean: -0.0000, std: 1.0000
2025-11-19 02:24:34,863 - INFO - Saved scalers to C:\Mini_Project\output\20251119\data
2025-11-19 02:24:34,932 - INFO - Created training dataset with 1286 sequences
2025-11-19 02:24:34,933 - INFO - Created validation dataset with 228 sequences
2025-11-19 02:24:34,933 - INFO - Training LSTM-GAN model with 10 epochs
2025-11-19 02:25:43,339 - WARNING - You are saving your model as an HDF5 file via `model.save()` or `keras.saving.save_model(model)`. This file format is considered legacy. We recommend using instead the native Keras format, e.g. `model.save('my_model.keras')` or `keras.saving.save_model(model, 'my_model.keras')`. 
2025-11-19 02:25:43,362 - WARNING - You are saving your model as an HDF5 file via `model.save()` or `keras.saving.save_model(model)`. This file format is considered legacy. We recommend using instead the native Keras format, e.g. `model.save('my_model.keras')` or `keras.saving.save_model(model, 'my_model.keras')`. 
2025-11-19 02:25:43,389 - INFO - LSTM-GAN model saved to C:\Mini_Project\output\20251119\data\lstm_gan_model
2025-11-19 02:25:44,140 - INFO - Saved GAN loss plot to C:\Mini_Project\output\20251119\data\plots\lstm_gan_losses.png
2025-11-19 02:25:44,581 - INFO - Saved combined GAN loss plot to C:\Mini_Project\output\20251119\data\plots\lstm_gan_losses_combined.png
2025-11-19 02:25:44,582 - INFO - Generating synthetic data and evaluating models
2025-11-19 02:25:44,583 - INFO - Loaded scalers for denormalization
2025-11-19 02:25:44,583 - INFO - Generating and evaluating LSTM-GAN...
2025-11-19 02:25:55,734 - INFO - Denormalizing generated sequence before inverse PCA transform
2025-11-19 02:26:00,426 - INFO - 
Model Comparison:
2025-11-19 02:26:00,435 - INFO - 
                       LSTM-GAN
MSE                    0.262539
MAE                    0.262539
Wasserstein            0.411434
KL Divergence          7.690239
JS Divergence          0.378970
ACF MSE                0.262053
Cross-Correlation MSE  0.060992
Volatility ACF MSE     0.023535
