2025-11-20 10:10:35,628 - INFO - Logging initialized. Log file: C:\Mini_Project\output\20251119\logs\run_20251120_101035.log
2025-11-20 10:10:35,629 - INFO - Random seed: 10
2025-11-20 10:10:36,203 - INFO - Unified grid: 9 relative strikes, 7 time points
2025-11-20 10:10:43,491 - INFO - Loaded 2514 dates of implied volatilities data (date range: 2015-10-31 to 2025-10-31). Shape: (2514, 9, 7)
2025-11-20 10:10:43,495 - INFO - Applying PCA to log-implied volatilities series
2025-11-20 10:10:43,497 - INFO - Removing 6072 NaN values using Nadaraya-Watson smoothing
2025-11-20 10:10:44,446 - INFO - Nadaraya-Watson smoothing complete. Removed 6072 NaN values. Remaining NaN count: 0
2025-11-20 10:10:44,448 - INFO - Flattened Log-implied volatility series, shape is now: (2514, 63)
2025-11-20 10:10:44,455 - INFO - PCA explained variance: [0.80646158 0.06293389 0.05666655 0.01777199 0.01176426]
2025-11-20 10:10:44,455 - INFO - Cumulative explained variance: [0.80646158 0.86939548 0.92606202 0.94383401 0.95559827]
2025-11-20 10:10:47,303 - INFO - PCA model saved to C:\Mini_Project\output\20251119\data\pca_reducer.pkl
2025-11-20 10:10:47,304 - INFO - Preparing training data with sequence length 1000...
2025-11-20 10:10:47,322 - INFO - Normalizing training and validation data...
2025-11-20 10:10:47,515 - INFO - Normalization complete. Training data mean: 0.0000, std: 1.0000
2025-11-20 10:10:47,517 - INFO - Target data mean: -0.0000, std: 1.0000
2025-11-20 10:10:47,518 - INFO - Saved scalers to C:\Mini_Project\output\20251119\data
2025-11-20 10:10:47,579 - INFO - Created training dataset with 1286 sequences
2025-11-20 10:10:47,580 - INFO - Created validation dataset with 228 sequences
2025-11-20 10:10:47,580 - INFO - Training LSTM-GAN model with 100 epochs
2025-11-20 10:17:31,740 - WARNING - You are saving your model as an HDF5 file via `model.save()` or `keras.saving.save_model(model)`. This file format is considered legacy. We recommend using instead the native Keras format, e.g. `model.save('my_model.keras')` or `keras.saving.save_model(model, 'my_model.keras')`. 
2025-11-20 10:17:31,774 - WARNING - You are saving your model as an HDF5 file via `model.save()` or `keras.saving.save_model(model)`. This file format is considered legacy. We recommend using instead the native Keras format, e.g. `model.save('my_model.keras')` or `keras.saving.save_model(model, 'my_model.keras')`. 
2025-11-20 10:17:31,809 - INFO - LSTM-GAN model saved to C:\Mini_Project\output\20251119\data\lstm_gan_model
2025-11-20 10:17:33,586 - INFO - Saved GAN loss plot to C:\Mini_Project\output\20251119\data\plots\lstm_gan_losses.png
2025-11-20 10:17:33,915 - INFO - Saved combined GAN loss plot to C:\Mini_Project\output\20251119\data\plots\lstm_gan_losses_combined.png
2025-11-20 10:17:33,915 - INFO - Generating synthetic data and evaluating models
2025-11-20 10:17:33,916 - INFO - Loaded scalers for denormalization
2025-11-20 10:17:33,916 - INFO - Generating and evaluating LSTM-GAN...
2025-11-20 10:17:42,153 - INFO - Denormalizing generated sequence before inverse PCA transform
2025-11-20 10:17:46,015 - INFO - 
Model Comparison:
2025-11-20 10:17:46,020 - INFO - 
                       LSTM-GAN
MSE                    0.123328
MAE                    0.123328
Wasserstein            0.074387
KL Divergence          0.536721
JS Divergence          0.047367
ACF MSE                0.053795
Cross-Correlation MSE  0.031336
Volatility ACF MSE     0.014285
