2025-11-19 02:30:47,921 - INFO - Logging initialized. Log file: C:\Mini_Project\output\20251119\logs\run_20251119_023047.log
2025-11-19 02:30:48,300 - INFO - Unified grid: 9 relative strikes, 7 time points
2025-11-19 02:30:59,209 - INFO - Loaded 2514 dates of implied volatilities data (date range: 2015-10-31 to 2025-10-31). Shape: (2514, 9, 7)
2025-11-19 02:30:59,214 - INFO - Applying PCA to log-implied volatilities series
2025-11-19 02:30:59,218 - INFO - Removing 6072 NaN values using Nadaraya-Watson smoothing
2025-11-19 02:31:00,693 - INFO - Nadaraya-Watson smoothing complete. Removed 6072 NaN values. Remaining NaN count: 0
2025-11-19 02:31:00,702 - INFO - Flattened Log-implied volatility series, shape is now: (2514, 63)
2025-11-19 02:31:00,709 - INFO - PCA explained variance: [0.80646158 0.06293389 0.05666655 0.01777199 0.01176426]
2025-11-19 02:31:00,709 - INFO - Cumulative explained variance: [0.80646158 0.86939548 0.92606202 0.94383401 0.95559827]
2025-11-19 02:31:02,976 - INFO - PCA model saved to C:\Mini_Project\output\20251119\data\pca_reducer.pkl
2025-11-19 02:31:02,976 - INFO - Preparing training data with sequence length 1000...
2025-11-19 02:31:03,003 - INFO - Normalizing training and validation data...
2025-11-19 02:31:03,253 - INFO - Normalization complete. Training data mean: 0.0000, std: 1.0000
2025-11-19 02:31:03,254 - INFO - Target data mean: -0.0000, std: 1.0000
2025-11-19 02:31:03,258 - INFO - Saved scalers to C:\Mini_Project\output\20251119\data
2025-11-19 02:31:03,338 - INFO - Created training dataset with 1286 sequences
2025-11-19 02:31:03,339 - INFO - Created validation dataset with 228 sequences
2025-11-19 02:31:03,339 - INFO - Training LSTM-GAN model with 20 epochs
2025-11-19 02:33:14,959 - WARNING - You are saving your model as an HDF5 file via `model.save()` or `keras.saving.save_model(model)`. This file format is considered legacy. We recommend using instead the native Keras format, e.g. `model.save('my_model.keras')` or `keras.saving.save_model(model, 'my_model.keras')`. 
2025-11-19 02:33:14,989 - WARNING - You are saving your model as an HDF5 file via `model.save()` or `keras.saving.save_model(model)`. This file format is considered legacy. We recommend using instead the native Keras format, e.g. `model.save('my_model.keras')` or `keras.saving.save_model(model, 'my_model.keras')`. 
2025-11-19 02:33:15,012 - INFO - LSTM-GAN model saved to C:\Mini_Project\output\20251119\data\lstm_gan_model
2025-11-19 02:33:15,706 - INFO - Saved GAN loss plot to C:\Mini_Project\output\20251119\data\plots\lstm_gan_losses.png
2025-11-19 02:33:16,144 - INFO - Saved combined GAN loss plot to C:\Mini_Project\output\20251119\data\plots\lstm_gan_losses_combined.png
2025-11-19 02:33:16,145 - INFO - Generating synthetic data and evaluating models
2025-11-19 02:33:16,146 - INFO - Loaded scalers for denormalization
2025-11-19 02:33:16,147 - INFO - Generating and evaluating LSTM-GAN...
2025-11-19 02:33:28,860 - INFO - Denormalizing generated sequence before inverse PCA transform
2025-11-19 02:33:36,585 - INFO - 
Model Comparison:
2025-11-19 02:33:36,593 - INFO - 
                       LSTM-GAN
MSE                    0.294697
MAE                    0.294697
Wasserstein            0.212447
KL Divergence          0.437223
JS Divergence          0.103169
ACF MSE                0.048127
Cross-Correlation MSE  0.054344
Volatility ACF MSE     0.025068
