2025-11-20 08:42:20,411 - INFO - Logging initialized. Log file: C:\Mini_Project\output\20251119\logs\run_20251120_084220.log
2025-11-20 08:42:20,412 - INFO - Random seed: 1
2025-11-20 08:42:20,667 - INFO - Unified grid: 9 relative strikes, 7 time points
2025-11-20 08:42:27,530 - INFO - Loaded 2514 dates of implied volatilities data (date range: 2015-10-31 to 2025-10-31). Shape: (2514, 9, 7)
2025-11-20 08:42:27,533 - INFO - Applying PCA to log-implied volatilities series
2025-11-20 08:42:27,534 - INFO - Removing 6072 NaN values using Nadaraya-Watson smoothing
2025-11-20 08:42:28,682 - INFO - Nadaraya-Watson smoothing complete. Removed 6072 NaN values. Remaining NaN count: 0
2025-11-20 08:42:28,685 - INFO - Flattened Log-implied volatility series, shape is now: (2514, 63)
2025-11-20 08:42:28,688 - INFO - PCA explained variance: [0.80646158 0.06293389 0.05666655 0.01777199 0.01176426]
2025-11-20 08:42:28,688 - INFO - Cumulative explained variance: [0.80646158 0.86939548 0.92606202 0.94383401 0.95559827]
2025-11-20 08:42:30,076 - INFO - PCA model saved to C:\Mini_Project\output\20251119\data\pca_reducer.pkl
2025-11-20 08:42:30,077 - INFO - Preparing training data with sequence length 1000...
2025-11-20 08:42:30,093 - INFO - Training data shape: (1211, 1000, 5), Validation data shape: (303, 1000, 5)
2025-11-20 08:42:30,093 - INFO - Normalizing training and validation data...
2025-11-20 08:42:30,251 - INFO - Normalization complete. Training data mean: 0.0000, std: 1.0000
2025-11-20 08:42:30,252 - INFO - Target data mean: -0.0000, std: 1.0000
2025-11-20 08:42:30,253 - INFO - Saved scalers to C:\Mini_Project\output\20251119\data
2025-11-20 08:42:30,315 - INFO - Created training dataset with 1211 sequences
2025-11-20 08:42:30,315 - INFO - Created validation dataset with 303 sequences
2025-11-20 08:42:30,316 - INFO - Loading models from C:\Mini_Project\output\20251119\data
2025-11-20 08:42:30,316 - INFO - Loading LSTM-GAN from C:\Mini_Project\output\20251119\data
2025-11-20 08:42:30,583 - WARNING - No training configuration found in the save file, so the model was *not* compiled. Compile it manually.
2025-11-20 08:42:30,620 - WARNING - No training configuration found in the save file, so the model was *not* compiled. Compile it manually.
2025-11-20 08:42:30,632 - INFO - LSTM-GAN loaded successfully
2025-11-20 08:42:30,632 - INFO - Generating synthetic data and evaluating models
2025-11-20 08:42:30,634 - INFO - Loaded scalers for denormalization
2025-11-20 08:42:30,634 - INFO - Generating and evaluating LSTM-GAN...
2025-11-20 08:43:50,908 - INFO - Denormalizing generated sequence before inverse PCA transform
2025-11-20 08:43:54,017 - INFO - 
Model Comparison:
2025-11-20 08:43:54,021 - INFO - 
                       LSTM-GAN
MSE                    0.108334
MAE                    0.108334
Wasserstein            0.175865
KL Divergence          7.158412
JS Divergence          0.233307
ACF MSE                0.065337
Cross-Correlation MSE  0.015594
Volatility ACF MSE     0.014824
2025-11-20 08:43:54,023 - INFO - Saving real and generated data, and converting to IVs and prices...
2025-11-20 08:43:54,083 - INFO - Loaded underlying prices for 1000 dates
2025-11-20 08:43:54,492 - INFO - Loaded 1000 risk-free rates from EFFR for validation dates
2025-11-20 08:43:54,492 - INFO - Using 1000 risk-free rates (one per date) for price conversion
2025-11-20 08:43:54,556 - INFO - Saved real log-IV data to C:\Mini_Project\output\20251119\data\real_data/log_implied_vols.csv
2025-11-20 08:43:54,618 - INFO - Saved real IV data to C:\Mini_Project\output\20251119\data\real_data/implied_vols.csv
2025-11-20 08:43:59,100 - INFO - Saved real option prices to C:\Mini_Project\output\20251119\data\real_data/option_prices.csv
2025-11-20 08:43:59,174 - INFO - Saved LSTM-GAN generated log-IV data to C:\Mini_Project\output\20251119\data\generated_data\lstm_gan/log_implied_vols.csv
2025-11-20 08:43:59,241 - INFO - Saved LSTM-GAN generated IV data to C:\Mini_Project\output\20251119\data\generated_data\lstm_gan/implied_vols.csv
2025-11-20 08:44:03,646 - INFO - Saved LSTM-GAN generated option prices to C:\Mini_Project\output\20251119\data\generated_data\lstm_gan/option_prices.csv
2025-11-20 08:44:03,646 - INFO - Finished saving all data and converting to IVs and prices.
