2025-11-22 14:26:28,201 - INFO - Logging initialized. Log file: C:\Mini_Project\output\20251119\logs\run_20251122_142628.log
2025-11-22 14:26:28,201 - INFO - Random seed: 10
2025-11-22 14:26:28,202 - INFO - ================================================================================
2025-11-22 14:26:28,202 - INFO - HYPERPARAMETERS FOR THIS RUN
2025-11-22 14:26:28,202 - INFO - ================================================================================
2025-11-22 14:26:28,202 - INFO - Data Parameters:
2025-11-22 14:26:28,202 - INFO -   TICKER: ^NDX
2025-11-22 14:26:28,202 - INFO -   START_DATE: 2015-10-31
2025-11-22 14:26:28,203 - INFO -   END_DATE: 2025-10-31
2025-11-22 14:26:28,203 - INFO -   N_YEARS: 10
2025-11-22 14:26:28,203 - INFO -   STRIKES: [0.8, 0.85, 0.9, 0.95, 1.0, 1.05, 1.1, 1.15, 1.2]
2025-11-22 14:26:28,203 - INFO -   MATURITIES: [30, 60, 90, 120, 150, 180, 360]
2025-11-22 14:26:28,203 - INFO - 
2025-11-22 14:26:28,203 - INFO - PCA Parameters:
2025-11-22 14:26:28,204 - INFO -   N_COMPONENTS: 5
2025-11-22 14:26:28,204 - INFO - 
2025-11-22 14:26:28,204 - INFO - Data Preparation Parameters:
2025-11-22 14:26:28,204 - INFO -   SEQUENCE_LENGTH: 1000
2025-11-22 14:26:28,204 - INFO -   BATCH_SIZE: 64
2025-11-22 14:26:28,204 - INFO -   TRAIN_RATIO: 0.85
2025-11-22 14:26:28,205 - INFO - 
2025-11-22 14:26:28,205 - INFO - GAN Training Parameters:
2025-11-22 14:26:28,205 - INFO -   NOISE_DIM: 64
2025-11-22 14:26:28,205 - INFO -   EPOCHS: 250
2025-11-22 14:26:28,205 - INFO -   LEARNING_RATE_GEN: 5e-05
2025-11-22 14:26:28,205 - INFO -   LEARNING_RATE_DES: 0.0003
2025-11-22 14:26:28,205 - INFO -   BETA_PARAM: 0.3
2025-11-22 14:26:28,205 - INFO -   GEN_GRAD_CLIP: 0.5
2025-11-22 14:26:28,205 - INFO -   DISC_GRAD_CLIP: 1.0
2025-11-22 14:26:28,205 - INFO -   RANDOM_SEED: 10
2025-11-22 14:26:28,205 - INFO - 
2025-11-22 14:26:28,205 - INFO - Generation Parameters:
2025-11-22 14:26:28,205 - INFO -   GENERATE_LENGTH: 252
2025-11-22 14:26:28,205 - INFO - 
2025-11-22 14:26:28,205 - INFO - Model Training Flags:
2025-11-22 14:26:28,205 - INFO -   TRAIN_LSTM_GAN: True
2025-11-22 14:26:28,205 - INFO -   TRAIN_TCN_GAN: False
2025-11-22 14:26:28,205 - INFO - ================================================================================
2025-11-22 14:26:28,205 - INFO - 
2025-11-22 14:26:28,772 - INFO - Unified grid: 9 relative strikes, 7 time points
2025-11-22 14:26:35,398 - INFO - Loaded 2514 dates of implied volatilities data (date range: 2015-10-31 to 2025-10-31). Shape: (2514, 9, 7)
2025-11-22 14:26:35,406 - INFO - Applying PCA to log-implied volatilities series
2025-11-22 14:26:35,408 - INFO - Removing 6072 NaN values using Nadaraya-Watson smoothing
2025-11-22 14:26:36,378 - INFO - Nadaraya-Watson smoothing complete. Removed 6072 NaN values. Remaining NaN count: 0
2025-11-22 14:26:36,378 - INFO - Flattened Log-implied volatility series, shape is now: (2514, 63)
2025-11-22 14:26:36,393 - INFO - PCA explained variance: [0.80646158 0.06293389 0.05666655 0.01777199 0.01176426]
2025-11-22 14:26:36,393 - INFO - Cumulative explained variance: [0.80646158 0.86939548 0.92606202 0.94383401 0.95559827]
2025-11-22 14:26:38,243 - INFO - PCA model saved to C:\Mini_Project\output\20251119\data\pca_reducer.pkl
2025-11-22 14:26:38,243 - INFO - Preparing training data with sequence length 1000...
2025-11-22 14:26:38,256 - INFO - Normalizing training and validation data...
2025-11-22 14:26:38,431 - INFO - Normalization complete. Training data mean: 0.0000, std: 1.0000
2025-11-22 14:26:38,431 - INFO - Target data mean: -0.0000, std: 1.0000
2025-11-22 14:26:38,431 - INFO - Saved scalers to C:\Mini_Project\output\20251119\data
2025-11-22 14:26:38,501 - INFO - Created training dataset with 1286 sequences
2025-11-22 14:26:38,501 - INFO - Created validation dataset with 228 sequences
2025-11-22 14:26:38,501 - INFO - Loading models from C:\Mini_Project\output\20251119\data
2025-11-22 14:26:38,501 - INFO - Loading LSTM-GAN from C:\Mini_Project\output\20251119\data\lstm_gan_model
2025-11-22 14:26:38,705 - WARNING - No training configuration found in the save file, so the model was *not* compiled. Compile it manually.
2025-11-22 14:26:38,743 - WARNING - No training configuration found in the save file, so the model was *not* compiled. Compile it manually.
2025-11-22 14:26:38,752 - INFO - LSTM-GAN loaded successfully
2025-11-22 14:26:38,752 - INFO - Generating synthetic data and evaluating models
2025-11-22 14:26:38,754 - INFO - Loaded scalers for denormalization
2025-11-22 14:26:38,755 - INFO - Generating and evaluating LSTM-GAN...
2025-11-22 14:26:57,454 - INFO - Denormalizing generated sequence before inverse PCA transform
2025-11-22 14:27:06,911 - INFO - 
Model Comparison:
2025-11-22 14:27:06,911 - INFO - 
                       LSTM-GAN
MSE                    0.126442
MAE                    0.126442
Wasserstein            0.203288
KL Divergence          0.778876
JS Divergence          0.128490
ACF MSE                0.048704
Cross-Correlation MSE  0.044286
Volatility ACF MSE     0.008229
2025-11-22 14:27:06,911 - INFO - Saving real and generated data, transforming to IVs, and calculating Black-Scholes prices...
2025-11-22 14:27:06,966 - INFO - Loaded underlying prices for 252 dates
2025-11-22 14:27:07,112 - INFO - Loaded 252 risk-free rates from EFFR for dates
2025-11-22 14:27:07,136 - INFO - Saved real log-IV data to C:\Mini_Project\output\20251119\data\real_data/log_implied_vols.csv
2025-11-22 14:27:07,154 - INFO - Saved real IV data to C:\Mini_Project\output\20251119\data\real_data/implied_vols.csv
2025-11-22 14:27:07,154 - INFO - Verification: Real IVs vs Original IVs - Max difference: 0.000000, Mean difference: 0.000000
2025-11-22 14:27:07,154 - INFO - Real IVs match original IVs (within tolerance)
2025-11-22 14:27:08,212 - INFO - Saved real option prices to C:\Mini_Project\output\20251119\data\real_data/option_prices.csv
2025-11-22 14:27:08,237 - INFO - Saved LSTM-GAN generated log-IV data to C:\Mini_Project\output\20251119\data\generated_data\lstm_gan/log_implied_vols.csv
2025-11-22 14:27:08,249 - INFO - Saved LSTM-GAN generated IV data to C:\Mini_Project\output\20251119\data\generated_data\lstm_gan/implied_vols.csv
2025-11-22 14:27:09,344 - INFO - Saved LSTM-GAN generated option prices to C:\Mini_Project\output\20251119\data\generated_data\lstm_gan/option_prices.csv
2025-11-22 14:27:09,344 - INFO - Finished saving all data and calculating Black-Scholes prices.
