2025-11-20 09:25:27,223 - INFO - Logging initialized. Log file: C:\Mini_Project\output\20251119\logs\run_20251120_092527.log
2025-11-20 09:25:27,223 - INFO - Random seed: 1
2025-11-20 09:25:27,665 - INFO - Unified grid: 9 relative strikes, 7 time points
2025-11-20 09:25:39,230 - INFO - Loaded 2514 dates of implied volatilities data (date range: 2015-10-31 to 2025-10-31). Shape: (2514, 9, 7)
2025-11-20 09:25:39,246 - INFO - Applying PCA to log-implied volatilities series
2025-11-20 09:25:39,250 - INFO - Removing 6072 NaN values using Nadaraya-Watson smoothing
2025-11-20 09:25:40,794 - INFO - Nadaraya-Watson smoothing complete. Removed 6072 NaN values. Remaining NaN count: 0
2025-11-20 09:25:40,802 - INFO - Flattened Log-implied volatility series, shape is now: (2514, 63)
2025-11-20 09:25:40,806 - INFO - PCA explained variance: [0.80646158 0.06293389 0.05666655 0.01777199 0.01176426]
2025-11-20 09:25:40,806 - INFO - Cumulative explained variance: [0.80646158 0.86939548 0.92606202 0.94383401 0.95559827]
2025-11-20 09:25:43,660 - INFO - PCA model saved to C:\Mini_Project\output\20251119\data\pca_reducer.pkl
2025-11-20 09:25:43,660 - INFO - Preparing training data with sequence length 252...
2025-11-20 09:25:43,674 - INFO - Training data shape: (1809, 252, 5), Validation data shape: (453, 252, 5)
2025-11-20 09:25:43,674 - INFO - Normalizing training and validation data...
2025-11-20 09:25:43,763 - INFO - Normalization complete. Training data mean: -0.0000, std: 1.0000
2025-11-20 09:25:43,763 - INFO - Target data mean: -0.0000, std: 1.0000
2025-11-20 09:25:43,763 - INFO - Saved scalers to C:\Mini_Project\output\20251119\data
2025-11-20 09:25:43,837 - INFO - Created training dataset with 1809 sequences
2025-11-20 09:25:43,837 - INFO - Created validation dataset with 453 sequences
2025-11-20 09:25:43,837 - INFO - ================================================================================
2025-11-20 09:25:43,837 - INFO - MODEL TRAINING PARAMETERS
2025-11-20 09:25:43,837 - INFO - ================================================================================
2025-11-20 09:25:43,837 - INFO - Data Parameters:
2025-11-20 09:25:43,837 - INFO -   Ticker: ^NDX
2025-11-20 09:25:43,845 - INFO -   Date Range: 2015-10-31 to 2025-10-31
2025-11-20 09:25:43,845 - INFO -   Number of Years: 10
2025-11-20 09:25:43,845 - INFO -   Strikes (relative): [0.8, 0.85, 0.9, 0.95, 1.0, 1.05, 1.1, 1.15, 1.2]
2025-11-20 09:25:43,845 - INFO -   Maturities (days): [30, 60, 90, 120, 150, 180, 360]
2025-11-20 09:25:43,845 - INFO - 
2025-11-20 09:25:43,845 - INFO - PCA Parameters:
2025-11-20 09:25:43,845 - INFO -   Number of Components: 5
2025-11-20 09:25:43,845 - INFO - 
2025-11-20 09:25:43,845 - INFO - Data Preparation Parameters:
2025-11-20 09:25:43,845 - INFO -   Sequence Length: 252
2025-11-20 09:25:43,845 - INFO -   Batch Size: 128
2025-11-20 09:25:43,845 - INFO -   Train/Validation Split: 80.00%
2025-11-20 09:25:43,845 - INFO - 
2025-11-20 09:25:43,845 - INFO - GAN Training Hyperparameters:
2025-11-20 09:25:43,845 - INFO -   Noise Dimension: 16
2025-11-20 09:25:43,848 - INFO -   Epochs: 10
2025-11-20 09:25:43,848 - INFO -   Generator Learning Rate: 2e-05
2025-11-20 09:25:43,848 - INFO -   Discriminator Learning Rate: 0.0001
2025-11-20 09:25:43,848 - INFO -   Beta Parameter (Adam): 0.5
2025-11-20 09:25:43,848 - INFO -   Generator Dropout Rate: 0.2
2025-11-20 09:25:43,848 - INFO -   Discriminator Dropout Rate: 0.3
2025-11-20 09:25:43,848 - INFO -   Feature Matching Weight: 5.0
2025-11-20 09:25:43,849 - INFO -   Statistical Loss Weight: 2.0
2025-11-20 09:25:43,849 - INFO -   L2 Loss Weight: 1.0
2025-11-20 09:25:43,850 - INFO - 
2025-11-20 09:25:43,850 - INFO - Generation Parameters:
2025-11-20 09:25:43,851 - INFO -   Generation Length: 252
2025-11-20 09:25:43,852 - INFO -   Generation Seed: 20
2025-11-20 09:25:43,852 - INFO - 
2025-11-20 09:25:43,852 - INFO - Model Dimensions:
2025-11-20 09:25:43,852 - INFO -   State Dimension: (None, 252, 5)
2025-11-20 09:25:43,853 - INFO -   Noise Dimension: 16
2025-11-20 09:25:43,853 - INFO -   Output Dimension: 5
2025-11-20 09:25:43,853 - INFO - ================================================================================
2025-11-20 09:25:43,853 - INFO - 
2025-11-20 09:25:43,853 - INFO - LSTM-GAN Model Architecture:
2025-11-20 09:25:43,853 - INFO -   Generator Units: [64, 128]
2025-11-20 09:25:43,853 - INFO -   Discriminator Units: [128, 64]
2025-11-20 09:25:43,853 - INFO -   Generator Dropout: 0.2
2025-11-20 09:25:43,855 - INFO -   Discriminator Dropout: 0.3
2025-11-20 09:25:43,855 - INFO -   Feature Matching Weight: 5.0
2025-11-20 09:25:43,855 - INFO -   Statistical Loss Weight: 2.0
2025-11-20 09:25:43,855 - INFO -   L2 Loss Weight: 1.0
2025-11-20 09:25:43,855 - INFO -   Use PCA: True
2025-11-20 09:25:43,855 - INFO -   PCA Components: 5
2025-11-20 09:25:43,855 - INFO -   Random Seed: 1
2025-11-20 09:25:43,855 - INFO - 
2025-11-20 09:25:43,855 - INFO - Training LSTM-GAN model with 10 epochs
2025-11-20 09:27:17,090 - WARNING - You are saving your model as an HDF5 file via `model.save()` or `keras.saving.save_model(model)`. This file format is considered legacy. We recommend using instead the native Keras format, e.g. `model.save('my_model.keras')` or `keras.saving.save_model(model, 'my_model.keras')`. 
2025-11-20 09:27:17,114 - WARNING - You are saving your model as an HDF5 file via `model.save()` or `keras.saving.save_model(model)`. This file format is considered legacy. We recommend using instead the native Keras format, e.g. `model.save('my_model.keras')` or `keras.saving.save_model(model, 'my_model.keras')`. 
2025-11-20 09:27:17,143 - INFO - LSTM-GAN model saved to C:\Mini_Project\output\20251119\data\lstm_gan_model
2025-11-20 09:27:17,783 - INFO - Saved GAN loss plot to C:\Mini_Project\output\20251119\data\plots\lstm_gan_losses.png
2025-11-20 09:27:18,247 - INFO - Saved combined GAN loss plot to C:\Mini_Project\output\20251119\data\plots\lstm_gan_losses_combined.png
2025-11-20 09:27:18,247 - INFO - Generating synthetic data and evaluating models
2025-11-20 09:27:18,247 - INFO - Loaded scalers for denormalization
2025-11-20 09:27:18,247 - INFO - Generating and evaluating LSTM-GAN...
2025-11-20 09:27:50,366 - INFO - Denormalizing generated sequence before inverse PCA transform
2025-11-20 09:27:55,242 - INFO - 
Model Comparison:
2025-11-20 09:27:55,242 - INFO - 
                       LSTM-GAN
MSE                    0.070501
MAE                    0.070501
Wasserstein            0.162117
KL Divergence          4.444413
JS Divergence          0.168148
ACF MSE                0.102559
Cross-Correlation MSE  0.085593
Volatility ACF MSE     0.007655
2025-11-20 09:27:55,250 - INFO - Saving real and generated data, and converting to IVs and prices...
2025-11-20 09:27:55,275 - INFO - Loaded underlying prices for 252 dates
2025-11-20 09:27:55,446 - INFO - Loaded 252 risk-free rates from EFFR for validation dates
2025-11-20 09:27:55,446 - INFO - Using 252 risk-free rates (one per date) for price conversion
2025-11-20 09:27:55,474 - INFO - Saved real log-IV data to C:\Mini_Project\output\20251119\data\real_data/log_implied_vols.csv
2025-11-20 09:27:55,494 - INFO - Saved real IV data to C:\Mini_Project\output\20251119\data\real_data/implied_vols.csv
2025-11-20 09:27:57,479 - INFO - Saved real option prices to C:\Mini_Project\output\20251119\data\real_data/option_prices.csv
2025-11-20 09:27:57,503 - INFO - Saved LSTM-GAN generated log-IV data to C:\Mini_Project\output\20251119\data\generated_data\lstm_gan/log_implied_vols.csv
2025-11-20 09:27:57,527 - INFO - Saved LSTM-GAN generated IV data to C:\Mini_Project\output\20251119\data\generated_data\lstm_gan/implied_vols.csv
2025-11-20 09:27:59,500 - INFO - Saved LSTM-GAN generated option prices to C:\Mini_Project\output\20251119\data\generated_data\lstm_gan/option_prices.csv
2025-11-20 09:27:59,500 - INFO - Finished saving all data and converting to IVs and prices.
