2025-11-19 23:49:19,032 - INFO - Logging initialized. Log file: C:\Mini_Project\output\20251119\logs\run_20251119_234919.log
2025-11-19 23:49:19,032 - INFO - Random seed: 1
2025-11-19 23:49:19,474 - INFO - Unified grid: 9 relative strikes, 7 time points
2025-11-19 23:49:31,307 - INFO - Loaded 2514 dates of implied volatilities data (date range: 2015-10-31 to 2025-10-31). Shape: (2514, 9, 7)
2025-11-19 23:49:31,323 - INFO - Applying PCA to log-implied volatilities series
2025-11-19 23:49:31,326 - INFO - Removing 6072 NaN values using Nadaraya-Watson smoothing
2025-11-19 23:49:32,820 - INFO - Nadaraya-Watson smoothing complete. Removed 6072 NaN values. Remaining NaN count: 0
2025-11-19 23:49:32,843 - INFO - Flattened Log-implied volatility series, shape is now: (2514, 63)
2025-11-19 23:49:32,848 - INFO - PCA explained variance: [0.80646158 0.06293389 0.05666655 0.01777199 0.01176426]
2025-11-19 23:49:32,848 - INFO - Cumulative explained variance: [0.80646158 0.86939548 0.92606202 0.94383401 0.95559827]
2025-11-19 23:49:34,908 - INFO - PCA model saved to C:\Mini_Project\output\20251119\data\pca_reducer.pkl
2025-11-19 23:49:34,908 - INFO - Preparing training data with sequence length 1000...
2025-11-19 23:49:34,942 - INFO - Training data shape: (1286, 1000, 5), Validation data shape: (228, 1000, 5)
2025-11-19 23:49:34,942 - INFO - Normalizing training and validation data...
2025-11-19 23:49:35,191 - INFO - Normalization complete. Training data mean: 0.0000, std: 1.0000
2025-11-19 23:49:35,196 - INFO - Target data mean: -0.0000, std: 1.0000
2025-11-19 23:49:35,196 - INFO - Saved scalers to C:\Mini_Project\output\20251119\data
2025-11-19 23:49:35,285 - INFO - Created training dataset with 1286 sequences
2025-11-19 23:49:35,285 - INFO - Created validation dataset with 228 sequences
2025-11-19 23:49:35,285 - INFO - Training LSTM-GAN model with 20 epochs
