2025-11-19 02:00:18,847 - INFO - Logging initialized. Log file: C:\Mini_Project\output\20251119\logs\run_20251119_020018.log
2025-11-19 02:00:19,279 - INFO - Unified grid: 9 relative strikes, 7 time points
2025-11-19 02:00:31,720 - INFO - Loaded 2514 dates of implied volatilities data (date range: 2015-10-31 to 2025-10-31). Shape: (2514, 9, 7)
2025-11-19 02:00:31,726 - INFO - Applying PCA to log-implied volatilities series
2025-11-19 02:00:31,729 - INFO - Removing 6072 NaN values using Nadaraya-Watson smoothing
2025-11-19 02:00:33,322 - INFO - Nadaraya-Watson smoothing complete. Removed 6072 NaN values. Remaining NaN count: 0
2025-11-19 02:00:33,325 - INFO - Flattened Log-implied volatility series, shape is now: (2514, 63)
2025-11-19 02:00:33,329 - INFO - PCA explained variance: [0.80646158 0.06293389 0.05666655 0.01777199 0.01176426]
2025-11-19 02:00:33,330 - INFO - Cumulative explained variance: [0.80646158 0.86939548 0.92606202 0.94383401 0.95559827]
2025-11-19 02:00:38,014 - INFO - PCA model saved to C:\Mini_Project\output\20251119\data\pca_reducer.pkl
2025-11-19 02:00:38,014 - INFO - Preparing training data with sequence length 1000...
2025-11-19 02:00:38,035 - INFO - Normalizing training and validation data...
2025-11-19 02:00:38,291 - INFO - Normalization complete. Training data mean: 0.0000, std: 1.0000
2025-11-19 02:00:38,291 - INFO - Target data mean: -0.0000, std: 1.0000
2025-11-19 02:00:38,294 - INFO - Saved scalers to C:\Mini_Project\output\20251119\data
2025-11-19 02:00:38,407 - INFO - Created training dataset with 1286 sequences
2025-11-19 02:00:38,409 - INFO - Created validation dataset with 228 sequences
2025-11-19 02:00:38,409 - INFO - Training LSTM-GAN model with 20 epochs
2025-11-19 02:02:39,075 - WARNING - You are saving your model as an HDF5 file via `model.save()` or `keras.saving.save_model(model)`. This file format is considered legacy. We recommend using instead the native Keras format, e.g. `model.save('my_model.keras')` or `keras.saving.save_model(model, 'my_model.keras')`. 
2025-11-19 02:02:39,106 - WARNING - You are saving your model as an HDF5 file via `model.save()` or `keras.saving.save_model(model)`. This file format is considered legacy. We recommend using instead the native Keras format, e.g. `model.save('my_model.keras')` or `keras.saving.save_model(model, 'my_model.keras')`. 
2025-11-19 02:02:39,131 - INFO - LSTM-GAN model saved to C:\Mini_Project\output\20251119\data\lstm_gan_model
2025-11-19 02:02:39,890 - INFO - Saved GAN loss plot to C:\Mini_Project\output\20251119\data\plots\lstm_gan_losses.png
2025-11-19 02:02:40,343 - INFO - Saved combined GAN loss plot to C:\Mini_Project\output\20251119\data\plots\lstm_gan_losses_combined.png
2025-11-19 02:02:40,343 - INFO - Generating synthetic data and evaluating models
2025-11-19 02:02:40,344 - INFO - Loaded scalers for denormalization
2025-11-19 02:02:40,344 - INFO - Generating and evaluating LSTM-GAN...
2025-11-19 02:03:04,364 - INFO - Denormalizing generated sequence before inverse PCA transform
2025-11-19 02:03:09,586 - INFO - 
Model Comparison:
2025-11-19 02:03:09,592 - INFO - 
                       LSTM-GAN
MSE                    0.796231
MAE                    0.796231
Wasserstein            0.480578
KL Divergence          0.869295
JS Divergence          0.223399
ACF MSE                0.013110
Cross-Correlation MSE  0.065139
Volatility ACF MSE     0.009888
