2025-11-19 13:37:23,256 - INFO - Logging initialized. Log file: C:\Mini_Project\output\20251119\logs\run_20251119_133723.log
2025-11-19 13:37:23,258 - INFO - Random seed: 42
2025-11-19 13:37:23,476 - INFO - Unified grid: 9 relative strikes, 7 time points
2025-11-19 13:37:30,972 - INFO - Loaded 2514 dates of implied volatilities data (date range: 2015-10-31 to 2025-10-31). Shape: (2514, 9, 7)
2025-11-19 13:37:30,972 - INFO - Applying PCA to log-implied volatilities series
2025-11-19 13:37:30,972 - INFO - Removing 6072 NaN values using Nadaraya-Watson smoothing
2025-11-19 13:37:31,908 - INFO - Nadaraya-Watson smoothing complete. Removed 6072 NaN values. Remaining NaN count: 0
2025-11-19 13:37:31,910 - INFO - Flattened Log-implied volatility series, shape is now: (2514, 63)
2025-11-19 13:37:31,914 - INFO - PCA explained variance: [0.80646158 0.06293389 0.05666655 0.01777199 0.01176426]
2025-11-19 13:37:31,915 - INFO - Cumulative explained variance: [0.80646158 0.86939548 0.92606202 0.94383401 0.95559827]
2025-11-19 13:37:33,138 - INFO - PCA model saved to C:\Mini_Project\output\20251119\data\pca_reducer.pkl
2025-11-19 13:37:33,138 - INFO - Preparing training data with sequence length 1000...
2025-11-19 13:37:33,163 - INFO - Normalizing training and validation data...
2025-11-19 13:37:33,338 - INFO - Normalization complete. Training data mean: 0.0000, std: 1.0000
2025-11-19 13:37:33,338 - INFO - Target data mean: -0.0000, std: 1.0000
2025-11-19 13:37:33,338 - INFO - Saved scalers to C:\Mini_Project\output\20251119\data
2025-11-19 13:37:33,413 - INFO - Created training dataset with 1286 sequences
2025-11-19 13:37:33,413 - INFO - Created validation dataset with 228 sequences
2025-11-19 13:37:33,413 - INFO - Training LSTM-GAN model with 20 epochs
2025-11-19 13:38:15,688 - WARNING - You are saving your model as an HDF5 file via `model.save()` or `keras.saving.save_model(model)`. This file format is considered legacy. We recommend using instead the native Keras format, e.g. `model.save('my_model.keras')` or `keras.saving.save_model(model, 'my_model.keras')`. 
2025-11-19 13:38:15,708 - WARNING - You are saving your model as an HDF5 file via `model.save()` or `keras.saving.save_model(model)`. This file format is considered legacy. We recommend using instead the native Keras format, e.g. `model.save('my_model.keras')` or `keras.saving.save_model(model, 'my_model.keras')`. 
2025-11-19 13:38:15,727 - INFO - LSTM-GAN model saved to C:\Mini_Project\output\20251119\data\lstm_gan_model
2025-11-19 13:38:16,173 - INFO - Saved GAN loss plot to C:\Mini_Project\output\20251119\data\plots\lstm_gan_losses.png
2025-11-19 13:38:16,538 - INFO - Saved combined GAN loss plot to C:\Mini_Project\output\20251119\data\plots\lstm_gan_losses_combined.png
2025-11-19 13:38:16,538 - INFO - Generating synthetic data and evaluating models
2025-11-19 13:38:16,538 - INFO - Loaded scalers for denormalization
2025-11-19 13:38:16,538 - INFO - Generating and evaluating LSTM-GAN...
2025-11-19 13:38:24,538 - INFO - Denormalizing generated sequence before inverse PCA transform
2025-11-19 13:38:27,486 - INFO - 
Model Comparison:
2025-11-19 13:38:27,501 - INFO - 
                       LSTM-GAN
MSE                    0.112259
MAE                    0.112259
Wasserstein            0.158446
KL Divergence          2.328625
JS Divergence          0.113058
ACF MSE                0.193772
Cross-Correlation MSE  0.031863
Volatility ACF MSE     0.022067
2025-11-19 13:38:27,502 - INFO - Saving real and generated data, and converting to IVs and prices...
2025-11-19 13:38:27,502 - WARNING - Stock data file not found at C:\Mini_Project\output\20251119\data\^NDX_stock_data.csv. Using default price.
2025-11-19 13:38:27,510 - INFO - Loaded risk-free rate from EFFR: 0.0388
2025-11-19 13:38:27,512 - INFO - Saved real log-IV data to C:\Mini_Project\output\20251119\data\real_data/log_implied_vols.csv
2025-11-19 13:38:27,528 - INFO - Saved real IV data to C:\Mini_Project\output\20251119\data\real_data/implied_vols.csv
2025-11-19 13:38:27,972 - INFO - Saved real option prices to C:\Mini_Project\output\20251119\data\real_data/option_prices.csv
2025-11-19 13:38:27,983 - INFO - Saved LSTM-GAN generated log-IV data to C:\Mini_Project\output\20251119\data\generated_data\lstm_gan/log_implied_vols.csv
2025-11-19 13:38:27,989 - INFO - Saved LSTM-GAN generated IV data to C:\Mini_Project\output\20251119\data\generated_data\lstm_gan/implied_vols.csv
2025-11-19 13:38:28,456 - INFO - Saved LSTM-GAN generated option prices to C:\Mini_Project\output\20251119\data\generated_data\lstm_gan/option_prices.csv
2025-11-19 13:38:28,456 - INFO - Finished saving all data and converting to IVs and prices.
