2025-11-20 16:34:39,675 - INFO - Logging initialized. Log file: C:\Mini_Project\output\20251119\logs\run_20251120_163439.log
2025-11-20 16:34:39,676 - INFO - Random seed: 10
2025-11-20 16:34:40,242 - INFO - Unified grid: 9 relative strikes, 7 time points
2025-11-20 16:34:47,952 - INFO - Loaded 2514 dates of implied volatilities data (date range: 2015-10-31 to 2025-10-31). Shape: (2514, 9, 7)
2025-11-20 16:34:47,956 - INFO - Applying PCA to log-implied volatilities series
2025-11-20 16:34:47,957 - INFO - Removing 6072 NaN values using Nadaraya-Watson smoothing
2025-11-20 16:34:49,270 - INFO - Nadaraya-Watson smoothing complete. Removed 6072 NaN values. Remaining NaN count: 0
2025-11-20 16:34:49,273 - INFO - Flattened Log-implied volatility series, shape is now: (2514, 63)
2025-11-20 16:34:49,273 - INFO - PCA explained variance: [0.80646158 0.06293389 0.05666655 0.01777199 0.01176426]
2025-11-20 16:34:49,282 - INFO - Cumulative explained variance: [0.80646158 0.86939548 0.92606202 0.94383401 0.95559827]
2025-11-20 16:34:52,167 - INFO - PCA model saved to C:\Mini_Project\output\20251119\data\pca_reducer.pkl
2025-11-20 16:34:52,167 - INFO - Preparing training data with sequence length 1000...
2025-11-20 16:34:52,190 - INFO - Normalizing training and validation data...
2025-11-20 16:34:52,432 - INFO - Normalization complete. Training data mean: 0.0000, std: 1.0000
2025-11-20 16:34:52,432 - INFO - Target data mean: -0.0000, std: 1.0000
2025-11-20 16:34:52,439 - INFO - Saved scalers to C:\Mini_Project\output\20251119\data
2025-11-20 16:34:52,549 - INFO - Created training dataset with 1286 sequences
2025-11-20 16:34:52,549 - INFO - Created validation dataset with 228 sequences
2025-11-20 16:34:52,549 - INFO - Loading models from C:\Mini_Project\output\20251119\data
2025-11-20 16:34:52,549 - WARNING - LSTM-GAN model not found at C:\Mini_Project\output\20251119\data\lstm_gan_model
2025-11-20 16:34:52,549 - WARNING - TCN-GAN model not found at C:\Mini_Project\output\20251119\data\tcn_gan_model
2025-11-20 16:34:52,549 - WARNING - No models were loaded. Make sure models exist in DATA_DIR or set TRAIN_GAN=True
