2025-11-20 09:49:53,691 - INFO - Logging initialized. Log file: C:\Mini_Project\output\20251119\logs\run_20251120_094953.log
2025-11-20 09:49:53,935 - INFO - Unified grid: 9 relative strikes, 7 time points
2025-11-20 09:50:02,164 - INFO - Loaded 2514 dates of implied volatilities data (date range: 2015-10-31 to 2025-10-31). Shape: (2514, 9, 7)
2025-11-20 09:50:02,172 - INFO - Applying PCA to log-implied volatilities series
2025-11-20 09:50:02,172 - INFO - Removing 6072 NaN values using Nadaraya-Watson smoothing
2025-11-20 09:50:03,252 - INFO - Nadaraya-Watson smoothing complete. Removed 6072 NaN values. Remaining NaN count: 0
2025-11-20 09:50:03,252 - INFO - Flattened Log-implied volatility series, shape is now: (2514, 63)
2025-11-20 09:50:03,264 - INFO - PCA explained variance: [0.80646158 0.06293389 0.05666655 0.01777199 0.01176426]
2025-11-20 09:50:03,264 - INFO - Cumulative explained variance: [0.80646158 0.86939548 0.92606202 0.94383401 0.95559827]
2025-11-20 09:50:06,487 - INFO - PCA model saved to C:\Mini_Project\output\20251119\data\pca_reducer.pkl
2025-11-20 09:50:06,487 - INFO - Preparing training data with sequence length 1000...
2025-11-20 09:50:06,504 - INFO - Normalizing training and validation data...
2025-11-20 09:50:06,701 - INFO - Normalization complete. Training data mean: 0.0000, std: 1.0000
2025-11-20 09:50:06,703 - INFO - Target data mean: -0.0000, std: 1.0000
2025-11-20 09:50:06,703 - INFO - Saved scalers to C:\Mini_Project\output\20251119\data
2025-11-20 09:50:06,768 - INFO - Created training dataset with 1286 sequences
2025-11-20 09:50:06,769 - INFO - Created validation dataset with 228 sequences
2025-11-20 09:50:06,769 - INFO - Training LSTM-GAN model with 100 epochs
2025-11-20 10:00:42,434 - WARNING - You are saving your model as an HDF5 file via `model.save()` or `keras.saving.save_model(model)`. This file format is considered legacy. We recommend using instead the native Keras format, e.g. `model.save('my_model.keras')` or `keras.saving.save_model(model, 'my_model.keras')`. 
2025-11-20 10:00:42,482 - WARNING - You are saving your model as an HDF5 file via `model.save()` or `keras.saving.save_model(model)`. This file format is considered legacy. We recommend using instead the native Keras format, e.g. `model.save('my_model.keras')` or `keras.saving.save_model(model, 'my_model.keras')`. 
2025-11-20 10:00:42,534 - INFO - LSTM-GAN model saved to C:\Mini_Project\output\20251119\data\lstm_gan_model
2025-11-20 10:00:44,294 - INFO - Saved GAN loss plot to C:\Mini_Project\output\20251119\data\plots\lstm_gan_losses.png
2025-11-20 10:00:44,756 - INFO - Saved combined GAN loss plot to C:\Mini_Project\output\20251119\data\plots\lstm_gan_losses_combined.png
2025-11-20 10:00:44,756 - INFO - Generating synthetic data and evaluating models
2025-11-20 10:00:44,817 - INFO - Loaded scalers for denormalization
2025-11-20 10:00:44,817 - INFO - Generating and evaluating LSTM-GAN...
2025-11-20 10:00:53,800 - INFO - Denormalizing generated sequence before inverse PCA transform
2025-11-20 10:00:57,355 - INFO - 
Model Comparison:
2025-11-20 10:00:57,362 - INFO - 
                       LSTM-GAN
MSE                    0.158658
MAE                    0.158658
Wasserstein            0.259894
KL Divergence          1.266872
JS Divergence          0.146377
ACF MSE                0.086745
Cross-Correlation MSE  0.036722
Volatility ACF MSE     0.017249
