2025-11-20 10:33:20,545 - INFO - Logging initialized. Log file: C:\Mini_Project\output\20251119\logs\run_20251120_103320.log
2025-11-20 10:33:20,545 - INFO - Random seed: 10
2025-11-20 10:33:20,751 - INFO - Unified grid: 9 relative strikes, 7 time points
2025-11-20 10:33:27,794 - INFO - Loaded 2514 dates of implied volatilities data (date range: 2015-10-31 to 2025-10-31). Shape: (2514, 9, 7)
2025-11-20 10:33:27,794 - INFO - Applying PCA to log-implied volatilities series
2025-11-20 10:33:27,794 - INFO - Removing 6072 NaN values using Nadaraya-Watson smoothing
2025-11-20 10:33:28,702 - INFO - Nadaraya-Watson smoothing complete. Removed 6072 NaN values. Remaining NaN count: 0
2025-11-20 10:33:28,702 - INFO - Flattened Log-implied volatility series, shape is now: (2514, 63)
2025-11-20 10:33:28,715 - INFO - PCA explained variance: [0.80646158 0.06293389 0.05666655 0.01777199 0.01176426]
2025-11-20 10:33:28,715 - INFO - Cumulative explained variance: [0.80646158 0.86939548 0.92606202 0.94383401 0.95559827]
2025-11-20 10:33:30,075 - INFO - PCA model saved to C:\Mini_Project\output\20251119\data\pca_reducer.pkl
2025-11-20 10:33:30,077 - INFO - Preparing training data with sequence length 1000...
2025-11-20 10:33:30,085 - INFO - Normalizing training and validation data...
2025-11-20 10:33:30,269 - INFO - Normalization complete. Training data mean: 0.0000, std: 1.0000
2025-11-20 10:33:30,269 - INFO - Target data mean: -0.0000, std: 1.0000
2025-11-20 10:33:30,269 - INFO - Saved scalers to C:\Mini_Project\output\20251119\data
2025-11-20 10:33:30,318 - INFO - Created training dataset with 1286 sequences
2025-11-20 10:33:30,318 - INFO - Created validation dataset with 228 sequences
2025-11-20 10:33:30,318 - INFO - Training LSTM-GAN model with 75 epochs
2025-11-20 10:38:40,673 - WARNING - You are saving your model as an HDF5 file via `model.save()` or `keras.saving.save_model(model)`. This file format is considered legacy. We recommend using instead the native Keras format, e.g. `model.save('my_model.keras')` or `keras.saving.save_model(model, 'my_model.keras')`. 
2025-11-20 10:38:40,703 - WARNING - You are saving your model as an HDF5 file via `model.save()` or `keras.saving.save_model(model)`. This file format is considered legacy. We recommend using instead the native Keras format, e.g. `model.save('my_model.keras')` or `keras.saving.save_model(model, 'my_model.keras')`. 
2025-11-20 10:38:40,718 - INFO - LSTM-GAN model saved to C:\Mini_Project\output\20251119\data\lstm_gan_model
2025-11-20 10:38:41,167 - INFO - Saved GAN loss plot to C:\Mini_Project\output\20251119\data\plots\lstm_gan_losses.png
2025-11-20 10:38:41,440 - INFO - Saved combined GAN loss plot to C:\Mini_Project\output\20251119\data\plots\lstm_gan_losses_combined.png
2025-11-20 10:38:41,440 - INFO - Generating synthetic data and evaluating models
2025-11-20 10:38:41,453 - INFO - Loaded scalers for denormalization
2025-11-20 10:38:41,453 - INFO - Generating and evaluating LSTM-GAN...
2025-11-20 10:38:48,923 - INFO - Denormalizing generated sequence before inverse PCA transform
2025-11-20 10:38:51,815 - INFO - 
Model Comparison:
2025-11-20 10:38:51,817 - INFO - 
                       LSTM-GAN
MSE                    0.182092
MAE                    0.182092
Wasserstein            0.224203
KL Divergence          0.561328
JS Divergence          0.118265
ACF MSE                0.151017
Cross-Correlation MSE  0.031534
Volatility ACF MSE     0.012943
